{"/home/travis/build/npmtest/node-npmtest-angularfire2/test.js":{"path":"/home/travis/build/npmtest/node-npmtest-angularfire2/test.js","s":{"1":2,"2":2,"3":2,"4":2,"5":2,"6":2,"7":2,"8":1,"9":2,"10":2,"11":1,"12":1,"13":1,"14":1,"15":2,"16":2,"17":2,"18":2,"19":1,"20":1,"21":2,"22":2,"23":2,"24":1,"25":1,"26":1,"27":1,"28":1,"29":1,"30":1,"31":1,"32":1,"33":1,"34":1,"35":1,"36":1,"37":1,"38":1,"39":2,"40":2,"41":1,"42":2,"43":2,"44":1,"45":2,"46":2,"47":1,"48":2,"49":2,"50":1,"51":1,"52":1,"53":1,"54":1},"b":{"1":[2,1,1,1],"2":[1,1,1,1],"3":[1,1],"4":[1,1],"5":[1,1],"6":[1,1],"7":[1,1],"8":[1,1],"9":[1,1],"10":[1,1,1],"11":[1,1],"12":[1,1],"13":[1,1],"14":[1,1],"15":[1,1],"16":[1,1],"17":[1,1]},"f":{"1":2,"2":2,"3":2,"4":2,"5":2,"6":1,"7":1,"8":1,"9":2,"10":2,"11":2,"12":2,"13":1},"fnMap":{"1":{"name":"(anonymous_1)","line":12,"loc":{"start":{"line":12,"column":1},"end":{"line":12,"column":13}}},"2":{"name":"(anonymous_2)","line":19,"loc":{"start":{"line":19,"column":5},"end":{"line":19,"column":17}}},"3":{"name":"(anonymous_3)","line":23,"loc":{"start":{"line":23,"column":24},"end":{"line":23,"column":36}}},"4":{"name":"(anonymous_4)","line":61,"loc":{"start":{"line":61,"column":5},"end":{"line":61,"column":17}}},"5":{"name":"(anonymous_5)","line":82,"loc":{"start":{"line":82,"column":5},"end":{"line":82,"column":17}}},"6":{"name":"(anonymous_6)","line":91,"loc":{"start":{"line":91,"column":77},"end":{"line":94,"column":10}}},"7":{"name":"(anonymous_7)","line":112,"loc":{"start":{"line":112,"column":83},"end":{"line":115,"column":10}},"skip":true},"8":{"name":"(anonymous_8)","line":123,"loc":{"start":{"line":123,"column":77},"end":{"line":126,"column":10}},"skip":true},"9":{"name":"(anonymous_9)","line":139,"loc":{"start":{"line":139,"column":12},"end":{"line":139,"column":40}},"skip":true},"10":{"name":"(anonymous_10)","line":147,"loc":{"start":{"line":147,"column":77},"end":{"line":150,"column":10}},"skip":true},"11":{"name":"(anonymous_11)","line":158,"loc":{"start":{"line":158,"column":83},"end":{"line":161,"column":10}},"skip":true},"12":{"name":"(anonymous_12)","line":169,"loc":{"start":{"line":169,"column":79},"end":{"line":172,"column":10}},"skip":true},"13":{"name":"(anonymous_13)","line":180,"loc":{"start":{"line":180,"column":75},"end":{"line":183,"column":10}},"skip":true}},"statementMap":{"1":{"start":{"line":12,"column":0},"end":{"line":195,"column":5}},"2":{"start":{"line":14,"column":4},"end":{"line":14,"column":14}},"3":{"start":{"line":19,"column":4},"end":{"line":56,"column":9}},"4":{"start":{"line":21,"column":8},"end":{"line":21,"column":19}},"5":{"start":{"line":23,"column":8},"end":{"line":35,"column":13}},"6":{"start":{"line":24,"column":12},"end":{"line":34,"column":13}},"7":{"start":{"line":25,"column":16},"end":{"line":28,"column":30}},"8":{"start":{"line":30,"column":16},"end":{"line":33,"column":27}},"9":{"start":{"line":37,"column":8},"end":{"line":39,"column":21}},"10":{"start":{"line":40,"column":8},"end":{"line":53,"column":9}},"11":{"start":{"line":43,"column":12},"end":{"line":46,"column":14}},"12":{"start":{"line":47,"column":12},"end":{"line":47,"column":18}},"13":{"start":{"line":50,"column":12},"end":{"line":51,"column":46}},"14":{"start":{"line":52,"column":12},"end":{"line":52,"column":18}},"15":{"start":{"line":55,"column":8},"end":{"line":55,"column":35}},"16":{"start":{"line":61,"column":4},"end":{"line":63,"column":9}},"17":{"start":{"line":62,"column":8},"end":{"line":62,"column":15}},"18":{"start":{"line":64,"column":4},"end":{"line":77,"column":5}},"19":{"start":{"line":70,"column":8},"end":{"line":70,"column":14}},"20":{"start":{"line":76,"column":8},"end":{"line":76,"column":14}},"21":{"start":{"line":82,"column":4},"end":{"line":84,"column":9}},"22":{"start":{"line":83,"column":8},"end":{"line":83,"column":15}},"23":{"start":{"line":85,"column":4},"end":{"line":194,"column":5}},"24":{"start":{"line":91,"column":8},"end":{"line":99,"column":10}},"25":{"start":{"line":98,"column":12},"end":{"line":98,"column":35}},"26":{"start":{"line":102,"column":8},"end":{"line":104,"column":63}},"27":{"start":{"line":105,"column":8},"end":{"line":105,"column":14}},"28":{"start":{"line":112,"column":8},"end":{"line":121,"column":10},"skip":true},"29":{"start":{"line":119,"column":12},"end":{"line":119,"column":55},"skip":true},"30":{"start":{"line":120,"column":12},"end":{"line":120,"column":48},"skip":true},"31":{"start":{"line":123,"column":8},"end":{"line":136,"column":10},"skip":true},"32":{"start":{"line":130,"column":12},"end":{"line":130,"column":76},"skip":true},"33":{"start":{"line":131,"column":12},"end":{"line":131,"column":73},"skip":true},"34":{"start":{"line":132,"column":12},"end":{"line":132,"column":74},"skip":true},"35":{"start":{"line":133,"column":12},"end":{"line":133,"column":79},"skip":true},"36":{"start":{"line":134,"column":12},"end":{"line":134,"column":25},"skip":true},"37":{"start":{"line":135,"column":12},"end":{"line":135,"column":45},"skip":true},"38":{"start":{"line":138,"column":8},"end":{"line":145,"column":14},"skip":true},"39":{"start":{"line":143,"column":16},"end":{"line":143,"column":29},"skip":true},"40":{"start":{"line":144,"column":16},"end":{"line":144,"column":55},"skip":true},"41":{"start":{"line":147,"column":8},"end":{"line":156,"column":10},"skip":true},"42":{"start":{"line":154,"column":12},"end":{"line":154,"column":25},"skip":true},"43":{"start":{"line":155,"column":12},"end":{"line":155,"column":45},"skip":true},"44":{"start":{"line":158,"column":8},"end":{"line":167,"column":10},"skip":true},"45":{"start":{"line":165,"column":12},"end":{"line":165,"column":25},"skip":true},"46":{"start":{"line":166,"column":12},"end":{"line":166,"column":48},"skip":true},"47":{"start":{"line":169,"column":8},"end":{"line":178,"column":10},"skip":true},"48":{"start":{"line":176,"column":12},"end":{"line":176,"column":25},"skip":true},"49":{"start":{"line":177,"column":12},"end":{"line":177,"column":46},"skip":true},"50":{"start":{"line":180,"column":8},"end":{"line":189,"column":10},"skip":true},"51":{"start":{"line":187,"column":12},"end":{"line":187,"column":94},"skip":true},"52":{"start":{"line":188,"column":12},"end":{"line":188,"column":48},"skip":true},"53":{"start":{"line":192,"column":8},"end":{"line":192,"column":35},"skip":true},"54":{"start":{"line":193,"column":8},"end":{"line":193,"column":14},"skip":true}},"branchMap":{"1":{"line":25,"type":"binary-expr","locations":[{"start":{"line":25,"column":23},"end":{"line":25,"column":62}},{"start":{"line":26,"column":20},"end":{"line":26,"column":70}},{"start":{"line":27,"column":20},"end":{"line":27,"column":71}},{"start":{"line":28,"column":20},"end":{"line":28,"column":29}}]},"2":{"line":30,"type":"binary-expr","locations":[{"start":{"line":30,"column":23},"end":{"line":30,"column":37}},{"start":{"line":31,"column":20},"end":{"line":31,"column":61}},{"start":{"line":32,"column":20},"end":{"line":32,"column":70}},{"start":{"line":33,"column":20},"end":{"line":33,"column":26}}]},"3":{"line":37,"type":"cond-expr","locations":[{"start":{"line":38,"column":14},"end":{"line":38,"column":20}},{"start":{"line":39,"column":14},"end":{"line":39,"column":20}}]},"4":{"line":40,"type":"switch","locations":[{"start":{"line":42,"column":8},"end":{"line":47,"column":18}},{"start":{"line":49,"column":8},"end":{"line":52,"column":18}}]},"5":{"line":44,"type":"binary-expr","locations":[{"start":{"line":44,"column":16},"end":{"line":44,"column":44}},{"start":{"line":44,"column":48},"end":{"line":44,"column":66}}]},"6":{"line":50,"type":"binary-expr","locations":[{"start":{"line":50,"column":21},"end":{"line":50,"column":49}},{"start":{"line":50,"column":53},"end":{"line":50,"column":72}}]},"7":{"line":64,"type":"switch","locations":[{"start":{"line":69,"column":4},"end":{"line":70,"column":14}},{"start":{"line":75,"column":4},"end":{"line":76,"column":14}}]},"8":{"line":85,"type":"switch","locations":[{"start":{"line":90,"column":4},"end":{"line":105,"column":14}},{"start":{"line":111,"column":4},"end":{"line":193,"column":14},"skip":true}]},"9":{"line":91,"type":"binary-expr","locations":[{"start":{"line":91,"column":42},"end":{"line":91,"column":73}},{"start":{"line":91,"column":77},"end":{"line":99,"column":9}}]},"10":{"line":102,"type":"binary-expr","locations":[{"start":{"line":102,"column":18},"end":{"line":102,"column":32}},{"start":{"line":103,"column":12},"end":{"line":103,"column":53}},{"start":{"line":104,"column":12},"end":{"line":104,"column":61}}]},"11":{"line":112,"type":"binary-expr","locations":[{"start":{"line":112,"column":45},"end":{"line":112,"column":79},"skip":true},{"start":{"line":112,"column":83},"end":{"line":121,"column":9},"skip":true}]},"12":{"line":123,"type":"binary-expr","locations":[{"start":{"line":123,"column":42},"end":{"line":123,"column":73},"skip":true},{"start":{"line":123,"column":77},"end":{"line":136,"column":9},"skip":true}]},"13":{"line":138,"type":"binary-expr","locations":[{"start":{"line":138,"column":48},"end":{"line":138,"column":85},"skip":true},{"start":{"line":139,"column":12},"end":{"line":145,"column":13},"skip":true}]},"14":{"line":147,"type":"binary-expr","locations":[{"start":{"line":147,"column":42},"end":{"line":147,"column":73},"skip":true},{"start":{"line":147,"column":77},"end":{"line":156,"column":9},"skip":true}]},"15":{"line":158,"type":"binary-expr","locations":[{"start":{"line":158,"column":45},"end":{"line":158,"column":79},"skip":true},{"start":{"line":158,"column":83},"end":{"line":167,"column":9},"skip":true}]},"16":{"line":169,"type":"binary-expr","locations":[{"start":{"line":169,"column":43},"end":{"line":169,"column":75},"skip":true},{"start":{"line":169,"column":79},"end":{"line":178,"column":9},"skip":true}]},"17":{"line":180,"type":"binary-expr","locations":[{"start":{"line":180,"column":41},"end":{"line":180,"column":71},"skip":true},{"start":{"line":180,"column":75},"end":{"line":189,"column":9},"skip":true}]}},"code":["/* istanbul instrument in package npmtest_angularfire2 */","/*jslint","    bitwise: true,","    browser: true,","    maxerr: 8,","    maxlen: 96,","    node: true,","    nomen: true,","    regexp: true,","    stupid: true","*/","(function () {","    'use strict';","    var local;","","","","    // run shared js-env code - pre-init","    (function () {","        // init local","        local = {};","        // init modeJs","        local.modeJs = (function () {","            try {","                return typeof navigator.userAgent === 'string' &&","                    typeof document.querySelector('body') === 'object' &&","                    typeof XMLHttpRequest.prototype.open === 'function' &&","                    'browser';","            } catch (errorCaughtBrowser) {","                return module.exports &&","                    typeof process.versions.node === 'string' &&","                    typeof require('http').createServer === 'function' &&","                    'node';","            }","        }());","        // init global","        local.global = local.modeJs === 'browser'","            ? window","            : global;","        switch (local.modeJs) {","        // re-init local from window.local","        case 'browser':","            local = local.global.utility2.objectSetDefault(","                local.global.utility2_rollup || local.global.local,","                local.global.utility2","            );","            break;","        // re-init local from example.js","        case 'node':","            local = (local.global.utility2_rollup || require('utility2'))","                .requireExampleJsFromReadme();","            break;","        }","        // export local","        local.global.local = local;","    }());","","","","    // run shared js-env code - function","    (function () {","        return;","    }());","    switch (local.modeJs) {","","","","    // run browser js-env code - function","    case 'browser':","        break;","","","","    // run node js-env code - function","    case 'node':","        break;","    }","","","","    // run shared js-env code - post-init","    (function () {","        return;","    }());","    switch (local.modeJs) {","","","","    // run browser js-env code - post-init","    case 'browser':","        local.testCase_browser_nullCase = local.testCase_browser_nullCase || function (","            options,","            onError","        ) {","        /*","         * this function will test browsers's null-case handling-behavior-behavior","         */","            onError(null, options);","        };","","        // run tests","        local.nop(local.modeTest &&","            document.querySelector('#testRunButton1') &&","            document.querySelector('#testRunButton1').click());","        break;","","","","    // run node js-env code - post-init","    /* istanbul ignore next */","    case 'node':","        local.testCase_buildApidoc_default = local.testCase_buildApidoc_default || function (","            options,","            onError","        ) {","        /*","         * this function will test buildApidoc's default handling-behavior-behavior","         */","            options = { modulePathList: module.paths };","            local.buildApidoc(options, onError);","        };","","        local.testCase_buildApp_default = local.testCase_buildApp_default || function (","            options,","            onError","        ) {","        /*","         * this function will test buildApp's default handling-behavior-behavior","         */","            local.testCase_buildReadme_default(options, local.onErrorThrow);","            local.testCase_buildLib_default(options, local.onErrorThrow);","            local.testCase_buildTest_default(options, local.onErrorThrow);","            local.testCase_buildCustomOrg_default(options, local.onErrorThrow);","            options = [];","            local.buildApp(options, onError);","        };","","        local.testCase_buildCustomOrg_default = local.testCase_buildCustomOrg_default ||","            function (options, onError) {","            /*","             * this function will test buildCustomOrg's default handling-behavior","             */","                options = {};","                local.buildCustomOrg(options, onError);","            };","","        local.testCase_buildLib_default = local.testCase_buildLib_default || function (","            options,","            onError","        ) {","        /*","         * this function will test buildLib's default handling-behavior","         */","            options = {};","            local.buildLib(options, onError);","        };","","        local.testCase_buildReadme_default = local.testCase_buildReadme_default || function (","            options,","            onError","        ) {","        /*","         * this function will test buildReadme's default handling-behavior-behavior","         */","            options = {};","            local.buildReadme(options, onError);","        };","","        local.testCase_buildTest_default = local.testCase_buildTest_default || function (","            options,","            onError","        ) {","        /*","         * this function will test buildTest's default handling-behavior","         */","            options = {};","            local.buildTest(options, onError);","        };","","        local.testCase_webpage_default = local.testCase_webpage_default || function (","            options,","            onError","        ) {","        /*","         * this function will test webpage's default handling-behavior","         */","            options = { modeCoverageMerge: true, url: local.serverLocalHost + '?modeTest=1' };","            local.browserTest(options, onError);","        };","","        // run test-server","        local.testRunServer(local);","        break;","    }","}());",""],"l":{"12":2,"14":2,"19":2,"21":2,"23":2,"24":2,"25":2,"30":1,"37":2,"40":2,"43":1,"47":1,"50":1,"52":1,"55":2,"61":2,"62":2,"64":2,"70":1,"76":1,"82":2,"83":2,"85":2,"91":1,"98":1,"102":1,"105":1,"112":1,"119":1,"120":1,"123":1,"130":1,"131":1,"132":1,"133":1,"134":1,"135":1,"138":1,"143":2,"144":2,"147":1,"154":2,"155":2,"158":1,"165":2,"166":2,"169":1,"176":2,"177":2,"180":1,"187":1,"188":1,"192":1,"193":1}},"/home/travis/build/npmtest/node-npmtest-angularfire2/lib.npmtest_angularfire2.js":{"path":"/home/travis/build/npmtest/node-npmtest-angularfire2/lib.npmtest_angularfire2.js","s":{"1":2,"2":2,"3":2,"4":2,"5":2,"6":2,"7":2,"8":1,"9":2,"10":2,"11":2,"12":2,"13":1,"14":1,"15":1,"16":1},"b":{"1":[2,1,1,1],"2":[1,1,1,1],"3":[1,1],"4":[2,2],"5":[1,1]},"f":{"1":2,"2":2,"3":2},"fnMap":{"1":{"name":"(anonymous_1)","line":12,"loc":{"start":{"line":12,"column":1},"end":{"line":12,"column":13}}},"2":{"name":"(anonymous_2)","line":19,"loc":{"start":{"line":19,"column":5},"end":{"line":19,"column":17}}},"3":{"name":"(anonymous_3)","line":23,"loc":{"start":{"line":23,"column":24},"end":{"line":23,"column":36}}}},"statementMap":{"1":{"start":{"line":12,"column":0},"end":{"line":53,"column":5}},"2":{"start":{"line":14,"column":4},"end":{"line":14,"column":14}},"3":{"start":{"line":19,"column":4},"end":{"line":52,"column":9}},"4":{"start":{"line":21,"column":8},"end":{"line":21,"column":19}},"5":{"start":{"line":23,"column":8},"end":{"line":35,"column":13}},"6":{"start":{"line":24,"column":12},"end":{"line":34,"column":13}},"7":{"start":{"line":25,"column":16},"end":{"line":28,"column":30}},"8":{"start":{"line":30,"column":16},"end":{"line":33,"column":27}},"9":{"start":{"line":37,"column":8},"end":{"line":39,"column":21}},"10":{"start":{"line":41,"column":8},"end":{"line":41,"column":54}},"11":{"start":{"line":43,"column":8},"end":{"line":43,"column":57}},"12":{"start":{"line":45,"column":8},"end":{"line":51,"column":9}},"13":{"start":{"line":46,"column":12},"end":{"line":46,"column":63}},"14":{"start":{"line":48,"column":12},"end":{"line":48,"column":35}},"15":{"start":{"line":49,"column":12},"end":{"line":49,"column":49}},"16":{"start":{"line":50,"column":12},"end":{"line":50,"column":43}}},"branchMap":{"1":{"line":25,"type":"binary-expr","locations":[{"start":{"line":25,"column":23},"end":{"line":25,"column":62}},{"start":{"line":26,"column":20},"end":{"line":26,"column":70}},{"start":{"line":27,"column":20},"end":{"line":27,"column":71}},{"start":{"line":28,"column":20},"end":{"line":28,"column":29}}]},"2":{"line":30,"type":"binary-expr","locations":[{"start":{"line":30,"column":23},"end":{"line":30,"column":37}},{"start":{"line":31,"column":20},"end":{"line":31,"column":61}},{"start":{"line":32,"column":20},"end":{"line":32,"column":70}},{"start":{"line":33,"column":20},"end":{"line":33,"column":26}}]},"3":{"line":37,"type":"cond-expr","locations":[{"start":{"line":38,"column":14},"end":{"line":38,"column":20}},{"start":{"line":39,"column":14},"end":{"line":39,"column":20}}]},"4":{"line":41,"type":"binary-expr","locations":[{"start":{"line":41,"column":16},"end":{"line":41,"column":44}},{"start":{"line":41,"column":48},"end":{"line":41,"column":53}}]},"5":{"line":45,"type":"if","locations":[{"start":{"line":45,"column":8},"end":{"line":45,"column":8}},{"start":{"line":45,"column":8},"end":{"line":45,"column":8}}]}},"code":["/* istanbul instrument in package npmtest_angularfire2 */","/*jslint","    bitwise: true,","    browser: true,","    maxerr: 8,","    maxlen: 96,","    node: true,","    nomen: true,","    regexp: true,","    stupid: true","*/","(function () {","    'use strict';","    var local;","","","","    // run shared js-env code - pre-init","    (function () {","        // init local","        local = {};","        // init modeJs","        local.modeJs = (function () {","            try {","                return typeof navigator.userAgent === 'string' &&","                    typeof document.querySelector('body') === 'object' &&","                    typeof XMLHttpRequest.prototype.open === 'function' &&","                    'browser';","            } catch (errorCaughtBrowser) {","                return module.exports &&","                    typeof process.versions.node === 'string' &&","                    typeof require('http').createServer === 'function' &&","                    'node';","            }","        }());","        // init global","        local.global = local.modeJs === 'browser'","            ? window","            : global;","        // init utility2_rollup","        local = local.global.utility2_rollup || local;","        // init lib","        local.local = local.npmtest_angularfire2 = local;","        // init exports","        if (local.modeJs === 'browser') {","            local.global.utility2_npmtest_angularfire2 = local;","        } else {","            module.exports = local;","            module.exports.__dirname = __dirname;","            module.exports.module = module;","        }","    }());","}());",""],"l":{"12":2,"14":2,"19":2,"21":2,"23":2,"24":2,"25":2,"30":1,"37":2,"41":2,"43":2,"45":2,"46":1,"48":1,"49":1,"50":1}},"/home/travis/build/npmtest/node-npmtest-angularfire2/example.js":{"path":"/home/travis/build/npmtest/node-npmtest-angularfire2/example.js","s":{"1":2,"2":2,"3":2,"4":2,"5":2,"6":2,"7":2,"8":1,"9":2,"10":2,"11":2,"12":2,"13":1,"14":2,"15":2,"16":2,"17":2,"18":2,"19":0,"20":2,"21":1,"22":1,"23":1,"24":1,"25":1,"26":0,"27":0,"28":1,"29":1,"30":2,"31":0,"32":0,"33":0,"34":1,"35":2,"36":2,"37":3,"38":3,"39":3,"40":3,"41":0,"42":3,"43":3,"44":3,"45":1,"46":3,"47":1,"48":1,"49":1,"50":1,"51":1,"52":1,"53":1,"54":1,"55":1,"56":1,"57":0,"58":1,"59":6,"60":6,"61":1,"62":2,"63":0,"64":2,"65":1,"66":1,"67":0,"68":0,"69":0,"70":0,"71":0,"72":0,"73":0,"74":0,"75":0,"76":0,"77":0,"78":0,"79":0,"80":0,"81":0,"82":0,"83":0},"b":{"1":[2,1,1,1],"2":[1,1,1,1],"3":[1,1],"4":[2,2],"5":[1,1],"6":[1,1],"7":[2,0],"8":[2,1,1,1,1,1],"9":[0,2,0],"10":[1,1],"11":[2,1,1],"12":[1,0],"13":[0,2],"14":[2,0,0,0,0,0,0],"15":[0,3],"16":[3,0],"17":[1,1],"18":[0,1],"19":[1,2,0,2],"20":[1,0],"21":[1,1],"22":[0,0],"23":[0,0],"24":[0,0],"25":[0,0],"26":[0,0],"27":[0,0],"28":[0,0]},"f":{"1":2,"2":2,"3":2,"4":2,"5":2,"6":2,"7":3,"8":3,"9":3,"10":1,"11":6,"12":0},"fnMap":{"1":{"name":"(anonymous_1)","line":26,"loc":{"start":{"line":26,"column":1},"end":{"line":26,"column":13}}},"2":{"name":"(anonymous_2)","line":33,"loc":{"start":{"line":33,"column":5},"end":{"line":33,"column":17}}},"3":{"name":"(anonymous_3)","line":37,"loc":{"start":{"line":37,"column":24},"end":{"line":37,"column":36}}},"4":{"name":"(anonymous_4)","line":69,"loc":{"start":{"line":69,"column":31},"end":{"line":69,"column":48}},"skip":true},"5":{"name":"(anonymous_5)","line":78,"loc":{"start":{"line":78,"column":26},"end":{"line":78,"column":45}},"skip":true},"6":{"name":"(anonymous_6)","line":123,"loc":{"start":{"line":123,"column":33},"end":{"line":123,"column":48}},"skip":true},"7":{"name":"(anonymous_7)","line":125,"loc":{"start":{"line":125,"column":27},"end":{"line":125,"column":39}},"skip":true},"8":{"name":"(anonymous_8)","line":133,"loc":{"start":{"line":133,"column":59},"end":{"line":133,"column":74}},"skip":true},"9":{"name":"(anonymous_9)","line":143,"loc":{"start":{"line":143,"column":45},"end":{"line":143,"column":62}},"skip":true},"10":{"name":"(anonymous_10)","line":144,"loc":{"start":{"line":144,"column":73},"end":{"line":144,"column":92}},"skip":true},"11":{"name":"(anonymous_11)","line":272,"loc":{"start":{"line":272,"column":51},"end":{"line":272,"column":77}},"skip":true},"12":{"name":"(anonymous_12)","line":315,"loc":{"start":{"line":315,"column":32},"end":{"line":315,"column":61}},"skip":true}},"statementMap":{"1":{"start":{"line":26,"column":0},"end":{"line":326,"column":5}},"2":{"start":{"line":28,"column":4},"end":{"line":28,"column":14}},"3":{"start":{"line":33,"column":4},"end":{"line":60,"column":9}},"4":{"start":{"line":35,"column":8},"end":{"line":35,"column":19}},"5":{"start":{"line":37,"column":8},"end":{"line":49,"column":13}},"6":{"start":{"line":38,"column":12},"end":{"line":48,"column":13}},"7":{"start":{"line":39,"column":16},"end":{"line":42,"column":30}},"8":{"start":{"line":44,"column":16},"end":{"line":47,"column":27}},"9":{"start":{"line":51,"column":8},"end":{"line":53,"column":21}},"10":{"start":{"line":55,"column":8},"end":{"line":57,"column":45}},"11":{"start":{"line":59,"column":8},"end":{"line":59,"column":35}},"12":{"start":{"line":61,"column":4},"end":{"line":325,"column":5}},"13":{"start":{"line":69,"column":8},"end":{"line":121,"column":10},"skip":true},"14":{"start":{"line":70,"column":12},"end":{"line":88,"column":13},"skip":true},"15":{"start":{"line":76,"column":16},"end":{"line":87,"column":19},"skip":true},"16":{"start":{"line":79,"column":20},"end":{"line":86,"column":21},"skip":true},"17":{"start":{"line":82,"column":24},"end":{"line":82,"column":43},"skip":true},"18":{"start":{"line":83,"column":24},"end":{"line":83,"column":30},"skip":true},"19":{"start":{"line":85,"column":24},"end":{"line":85,"column":49},"skip":true},"20":{"start":{"line":89,"column":12},"end":{"line":107,"column":13},"skip":true},"21":{"start":{"line":92,"column":16},"end":{"line":102,"column":17},"skip":true},"22":{"start":{"line":93,"column":20},"end":{"line":93,"column":86},"skip":true},"23":{"start":{"line":94,"column":20},"end":{"line":95,"column":45},"skip":true},"24":{"start":{"line":96,"column":20},"end":{"line":96,"column":42},"skip":true},"25":{"start":{"line":97,"column":20},"end":{"line":97,"column":48},"skip":true},"26":{"start":{"line":100,"column":20},"end":{"line":100,"column":85},"skip":true},"27":{"start":{"line":101,"column":20},"end":{"line":101,"column":96},"skip":true},"28":{"start":{"line":103,"column":16},"end":{"line":103,"column":22},"skip":true},"29":{"start":{"line":106,"column":16},"end":{"line":106,"column":22},"skip":true},"30":{"start":{"line":108,"column":12},"end":{"line":120,"column":13},"skip":true},"31":{"start":{"line":114,"column":16},"end":{"line":119,"column":17},"skip":true},"32":{"start":{"line":116,"column":20},"end":{"line":116,"column":78},"skip":true},"33":{"start":{"line":118,"column":20},"end":{"line":118,"column":47},"skip":true},"34":{"start":{"line":123,"column":8},"end":{"line":141,"column":11},"skip":true},"35":{"start":{"line":124,"column":12},"end":{"line":124,"column":54},"skip":true},"36":{"start":{"line":125,"column":12},"end":{"line":140,"column":14},"skip":true},"37":{"start":{"line":126,"column":16},"end":{"line":126,"column":28},"skip":true},"38":{"start":{"line":127,"column":16},"end":{"line":127,"column":69},"skip":true},"39":{"start":{"line":128,"column":16},"end":{"line":128,"column":75},"skip":true},"40":{"start":{"line":129,"column":16},"end":{"line":131,"column":17},"skip":true},"41":{"start":{"line":130,"column":20},"end":{"line":130,"column":27},"skip":true},"42":{"start":{"line":133,"column":16},"end":{"line":137,"column":36},"skip":true},"43":{"start":{"line":134,"column":20},"end":{"line":136,"column":55},"skip":true},"44":{"start":{"line":139,"column":16},"end":{"line":139,"column":57},"skip":true},"45":{"start":{"line":143,"column":8},"end":{"line":147,"column":11},"skip":true},"46":{"start":{"line":144,"column":12},"end":{"line":146,"column":15},"skip":true},"47":{"start":{"line":145,"column":16},"end":{"line":145,"column":70},"skip":true},"48":{"start":{"line":149,"column":8},"end":{"line":149,"column":31},"skip":true},"49":{"start":{"line":150,"column":8},"end":{"line":150,"column":14},"skip":true},"50":{"start":{"line":158,"column":8},"end":{"line":158,"column":31},"skip":true},"51":{"start":{"line":160,"column":8},"end":{"line":160,"column":33},"skip":true},"52":{"start":{"line":161,"column":8},"end":{"line":161,"column":37},"skip":true},"53":{"start":{"line":162,"column":8},"end":{"line":162,"column":35},"skip":true},"54":{"start":{"line":164,"column":8},"end":{"line":164,"column":50},"skip":true},"55":{"start":{"line":166,"column":8},"end":{"line":256,"column":2},"skip":true},"56":{"start":{"line":258,"column":8},"end":{"line":286,"column":9},"skip":true},"57":{"start":{"line":259,"column":12},"end":{"line":269,"column":14},"skip":true},"58":{"start":{"line":271,"column":12},"end":{"line":285,"column":19},"skip":true},"59":{"start":{"line":274,"column":20},"end":{"line":274,"column":35},"skip":true},"60":{"start":{"line":275,"column":20},"end":{"line":284,"column":21},"skip":true},"61":{"start":{"line":277,"column":24},"end":{"line":277,"column":64},"skip":true},"62":{"start":{"line":279,"column":24},"end":{"line":279,"column":40},"skip":true},"63":{"start":{"line":281,"column":24},"end":{"line":281,"column":40},"skip":true},"64":{"start":{"line":283,"column":24},"end":{"line":283,"column":39},"skip":true},"65":{"start":{"line":288,"column":8},"end":{"line":290,"column":9},"skip":true},"66":{"start":{"line":289,"column":12},"end":{"line":289,"column":18},"skip":true},"67":{"start":{"line":291,"column":8},"end":{"line":293,"column":54},"skip":true},"68":{"start":{"line":296,"column":8},"end":{"line":301,"column":37},"skip":true},"69":{"start":{"line":303,"column":8},"end":{"line":303,"column":82},"skip":true},"70":{"start":{"line":306,"column":8},"end":{"line":308,"column":9},"skip":true},"71":{"start":{"line":307,"column":12},"end":{"line":307,"column":82},"skip":true},"72":{"start":{"line":310,"column":8},"end":{"line":312,"column":9},"skip":true},"73":{"start":{"line":311,"column":12},"end":{"line":311,"column":18},"skip":true},"74":{"start":{"line":313,"column":8},"end":{"line":313,"column":54},"skip":true},"75":{"start":{"line":314,"column":8},"end":{"line":314,"column":69},"skip":true},"76":{"start":{"line":315,"column":8},"end":{"line":323,"column":36},"skip":true},"77":{"start":{"line":316,"column":12},"end":{"line":316,"column":61},"skip":true},"78":{"start":{"line":317,"column":12},"end":{"line":320,"column":13},"skip":true},"79":{"start":{"line":318,"column":16},"end":{"line":318,"column":75},"skip":true},"80":{"start":{"line":319,"column":16},"end":{"line":319,"column":23},"skip":true},"81":{"start":{"line":321,"column":12},"end":{"line":321,"column":38},"skip":true},"82":{"start":{"line":322,"column":12},"end":{"line":322,"column":27},"skip":true},"83":{"start":{"line":324,"column":8},"end":{"line":324,"column":14},"skip":true}},"branchMap":{"1":{"line":39,"type":"binary-expr","locations":[{"start":{"line":39,"column":23},"end":{"line":39,"column":62}},{"start":{"line":40,"column":20},"end":{"line":40,"column":70}},{"start":{"line":41,"column":20},"end":{"line":41,"column":71}},{"start":{"line":42,"column":20},"end":{"line":42,"column":29}}]},"2":{"line":44,"type":"binary-expr","locations":[{"start":{"line":44,"column":23},"end":{"line":44,"column":37}},{"start":{"line":45,"column":20},"end":{"line":45,"column":61}},{"start":{"line":46,"column":20},"end":{"line":46,"column":70}},{"start":{"line":47,"column":20},"end":{"line":47,"column":26}}]},"3":{"line":51,"type":"cond-expr","locations":[{"start":{"line":52,"column":14},"end":{"line":52,"column":20}},{"start":{"line":53,"column":14},"end":{"line":53,"column":20}}]},"4":{"line":55,"type":"binary-expr","locations":[{"start":{"line":55,"column":16},"end":{"line":55,"column":44}},{"start":{"line":55,"column":49},"end":{"line":57,"column":43}}]},"5":{"line":55,"type":"cond-expr","locations":[{"start":{"line":56,"column":14},"end":{"line":56,"column":56}},{"start":{"line":57,"column":14},"end":{"line":57,"column":43}}]},"6":{"line":61,"type":"switch","locations":[{"start":{"line":68,"column":4},"end":{"line":150,"column":14},"skip":true},{"start":{"line":156,"column":4},"end":{"line":324,"column":14},"skip":true}]},"7":{"line":70,"type":"if","locations":[{"start":{"line":70,"column":12},"end":{"line":70,"column":12},"skip":true},{"start":{"line":70,"column":12},"end":{"line":70,"column":12},"skip":true}]},"8":{"line":70,"type":"binary-expr","locations":[{"start":{"line":70,"column":16},"end":{"line":70,"column":22},"skip":true},{"start":{"line":70,"column":27},"end":{"line":70,"column":32},"skip":true},{"start":{"line":71,"column":20},"end":{"line":71,"column":39},"skip":true},{"start":{"line":72,"column":20},"end":{"line":72,"column":49},"skip":true},{"start":{"line":73,"column":20},"end":{"line":73,"column":58},"skip":true},{"start":{"line":74,"column":20},"end":{"line":74,"column":69},"skip":true}]},"9":{"line":79,"type":"switch","locations":[{"start":{"line":80,"column":20},"end":{"line":80,"column":33},"skip":true},{"start":{"line":81,"column":20},"end":{"line":83,"column":30},"skip":true},{"start":{"line":84,"column":20},"end":{"line":85,"column":49},"skip":true}]},"10":{"line":89,"type":"switch","locations":[{"start":{"line":90,"column":12},"end":{"line":103,"column":22},"skip":true},{"start":{"line":105,"column":12},"end":{"line":106,"column":22},"skip":true}]},"11":{"line":89,"type":"binary-expr","locations":[{"start":{"line":89,"column":20},"end":{"line":89,"column":25},"skip":true},{"start":{"line":89,"column":29},"end":{"line":89,"column":48},"skip":true},{"start":{"line":89,"column":52},"end":{"line":89,"column":74},"skip":true}]},"12":{"line":92,"type":"if","locations":[{"start":{"line":92,"column":16},"end":{"line":92,"column":16},"skip":true},{"start":{"line":92,"column":16},"end":{"line":92,"column":16},"skip":true}]},"13":{"line":108,"type":"if","locations":[{"start":{"line":108,"column":12},"end":{"line":108,"column":12},"skip":true},{"start":{"line":108,"column":12},"end":{"line":108,"column":12},"skip":true}]},"14":{"line":108,"type":"binary-expr","locations":[{"start":{"line":108,"column":16},"end":{"line":108,"column":61},"skip":true},{"start":{"line":108,"column":66},"end":{"line":108,"column":72},"skip":true},{"start":{"line":108,"column":77},"end":{"line":108,"column":82},"skip":true},{"start":{"line":109,"column":20},"end":{"line":109,"column":39},"skip":true},{"start":{"line":110,"column":20},"end":{"line":110,"column":49},"skip":true},{"start":{"line":111,"column":20},"end":{"line":111,"column":58},"skip":true},{"start":{"line":112,"column":20},"end":{"line":112,"column":68},"skip":true}]},"15":{"line":129,"type":"if","locations":[{"start":{"line":129,"column":16},"end":{"line":129,"column":16},"skip":true},{"start":{"line":129,"column":16},"end":{"line":129,"column":16},"skip":true}]},"16":{"line":134,"type":"cond-expr","locations":[{"start":{"line":135,"column":26},"end":{"line":135,"column":29},"skip":true},{"start":{"line":136,"column":26},"end":{"line":136,"column":54},"skip":true}]},"17":{"line":164,"type":"binary-expr","locations":[{"start":{"line":164,"column":27},"end":{"line":164,"column":43},"skip":true},{"start":{"line":164,"column":47},"end":{"line":164,"column":49},"skip":true}]},"18":{"line":258,"type":"if","locations":[{"start":{"line":258,"column":8},"end":{"line":258,"column":8},"skip":true},{"start":{"line":258,"column":8},"end":{"line":258,"column":8},"skip":true}]},"19":{"line":275,"type":"switch","locations":[{"start":{"line":276,"column":20},"end":{"line":277,"column":64},"skip":true},{"start":{"line":278,"column":20},"end":{"line":279,"column":40},"skip":true},{"start":{"line":280,"column":20},"end":{"line":281,"column":40},"skip":true},{"start":{"line":282,"column":20},"end":{"line":283,"column":39},"skip":true}]},"20":{"line":288,"type":"if","locations":[{"start":{"line":288,"column":8},"end":{"line":288,"column":8},"skip":true},{"start":{"line":288,"column":8},"end":{"line":288,"column":8},"skip":true}]},"21":{"line":288,"type":"binary-expr","locations":[{"start":{"line":288,"column":12},"end":{"line":288,"column":40},"skip":true},{"start":{"line":288,"column":44},"end":{"line":288,"column":67},"skip":true}]},"22":{"line":292,"type":"binary-expr","locations":[{"start":{"line":292,"column":12},"end":{"line":292,"column":50},"skip":true},{"start":{"line":293,"column":12},"end":{"line":293,"column":53},"skip":true}]},"23":{"line":297,"type":"binary-expr","locations":[{"start":{"line":297,"column":12},"end":{"line":297,"column":70},"skip":true},{"start":{"line":298,"column":12},"end":{"line":301,"column":36},"skip":true}]},"24":{"line":303,"type":"binary-expr","locations":[{"start":{"line":303,"column":43},"end":{"line":303,"column":75},"skip":true},{"start":{"line":303,"column":79},"end":{"line":303,"column":81},"skip":true}]},"25":{"line":306,"type":"if","locations":[{"start":{"line":306,"column":8},"end":{"line":306,"column":8},"skip":true},{"start":{"line":306,"column":8},"end":{"line":306,"column":8},"skip":true}]},"26":{"line":310,"type":"if","locations":[{"start":{"line":310,"column":8},"end":{"line":310,"column":8},"skip":true},{"start":{"line":310,"column":8},"end":{"line":310,"column":8},"skip":true}]},"27":{"line":313,"type":"binary-expr","locations":[{"start":{"line":313,"column":27},"end":{"line":313,"column":43},"skip":true},{"start":{"line":313,"column":47},"end":{"line":313,"column":53},"skip":true}]},"28":{"line":317,"type":"if","locations":[{"start":{"line":317,"column":12},"end":{"line":317,"column":12},"skip":true},{"start":{"line":317,"column":12},"end":{"line":317,"column":12},"skip":true}]}},"code":["/*","example.js","","quickstart example","","instruction","    1. save this script as example.js","    2. run the shell command:","        $ npm install npmtest-angularfire2 && PORT=8081 node example.js","    3. play with the browser-demo on http://127.0.0.1:8081","*/","","","","/* istanbul instrument in package npmtest_angularfire2 */","/*jslint","    bitwise: true,","    browser: true,","    maxerr: 8,","    maxlen: 96,","    node: true,","    nomen: true,","    regexp: true,","    stupid: true","*/","(function () {","    'use strict';","    var local;","","","","    // run shared js-env code - pre-init","    (function () {","        // init local","        local = {};","        // init modeJs","        local.modeJs = (function () {","            try {","                return typeof navigator.userAgent === 'string' &&","                    typeof document.querySelector('body') === 'object' &&","                    typeof XMLHttpRequest.prototype.open === 'function' &&","                    'browser';","            } catch (errorCaughtBrowser) {","                return module.exports &&","                    typeof process.versions.node === 'string' &&","                    typeof require('http').createServer === 'function' &&","                    'node';","            }","        }());","        // init global","        local.global = local.modeJs === 'browser'","            ? window","            : global;","        // init utility2_rollup","        local = local.global.utility2_rollup || (local.modeJs === 'browser'","            ? local.global.utility2_npmtest_angularfire2","            : global.utility2_moduleExports);","        // export local","        local.global.local = local;","    }());","    switch (local.modeJs) {","","","","    // post-init","    // run browser js-env code - post-init","    /* istanbul ignore next */","    case 'browser':","        local.testRunBrowser = function (event) {","            if (!event || (event &&","                    event.currentTarget &&","                    event.currentTarget.className &&","                    event.currentTarget.className.includes &&","                    event.currentTarget.className.includes('onreset'))) {","                // reset output","                Array.from(","                    document.querySelectorAll('body > .resettable')","                ).forEach(function (element) {","                    switch (element.tagName) {","                    case 'INPUT':","                    case 'TEXTAREA':","                        element.value = '';","                        break;","                    default:","                        element.textContent = '';","                    }","                });","            }","            switch (event && event.currentTarget && event.currentTarget.id) {","            case 'testRunButton1':","                // show tests","                if (document.querySelector('#testReportDiv1').style.display === 'none') {","                    document.querySelector('#testReportDiv1').style.display = 'block';","                    document.querySelector('#testRunButton1').textContent =","                        'hide internal test';","                    local.modeTest = true;","                    local.testRunDefault(local);","                // hide tests","                } else {","                    document.querySelector('#testReportDiv1').style.display = 'none';","                    document.querySelector('#testRunButton1').textContent = 'run internal test';","                }","                break;","            // custom-case","            default:","                break;","            }","            if (document.querySelector('#inputTextareaEval1') && (!event || (event &&","                    event.currentTarget &&","                    event.currentTarget.className &&","                    event.currentTarget.className.includes &&","                    event.currentTarget.className.includes('oneval')))) {","                // try to eval input-code","                try {","                    /*jslint evil: true*/","                    eval(document.querySelector('#inputTextareaEval1').value);","                } catch (errorCaught) {","                    console.error(errorCaught);","                }","            }","        };","        // log stderr and stdout to #outputTextareaStdout1","        ['error', 'log'].forEach(function (key) {","            console[key + '_original'] = console[key];","            console[key] = function () {","                var element;","                console[key + '_original'].apply(console, arguments);","                element = document.querySelector('#outputTextareaStdout1');","                if (!element) {","                    return;","                }","                // append text to #outputTextareaStdout1","                element.value += Array.from(arguments).map(function (arg) {","                    return typeof arg === 'string'","                        ? arg","                        : JSON.stringify(arg, null, 4);","                }).join(' ') + '\\n';","                // scroll textarea to bottom","                element.scrollTop = element.scrollHeight;","            };","        });","        // init event-handling","        ['change', 'click', 'keyup'].forEach(function (event) {","            Array.from(document.querySelectorAll('.on' + event)).forEach(function (element) {","                element.addEventListener(event, local.testRunBrowser);","            });","        });","        // run tests","        local.testRunBrowser();","        break;","","","","    // run node js-env code - post-init","    /* istanbul ignore next */","    case 'node':","        // export local","        module.exports = local;","        // require modules","        local.fs = require('fs');","        local.http = require('http');","        local.url = require('url');","        // init assets","        local.assetsDict = local.assetsDict || {};","        /* jslint-ignore-begin */","        local.assetsDict['/assets.index.template.html'] = '\\","<!doctype html>\\n\\","<html lang=\"en\">\\n\\","<head>\\n\\","<meta charset=\"UTF-8\">\\n\\","<meta name=\"viewport\" content=\"width=device-width, initial-scale=1\">\\n\\","<title>{{env.npm_package_name}} (v{{env.npm_package_version}})</title>\\n\\","<style>\\n\\","/*csslint\\n\\","    box-sizing: false,\\n\\","    universal-selector: false\\n\\","*/\\n\\","* {\\n\\","    box-sizing: border-box;\\n\\","}\\n\\","body {\\n\\","    background: #dde;\\n\\","    font-family: Arial, Helvetica, sans-serif;\\n\\","    margin: 2rem;\\n\\","}\\n\\","body > * {\\n\\","    margin-bottom: 1rem;\\n\\","}\\n\\",".utility2FooterDiv {\\n\\","    margin-top: 20px;\\n\\","    text-align: center;\\n\\","}\\n\\","</style>\\n\\","<style>\\n\\","/*csslint\\n\\","*/\\n\\","textarea {\\n\\","    font-family: monospace;\\n\\","    height: 10rem;\\n\\","    width: 100%;\\n\\","}\\n\\","textarea[readonly] {\\n\\","    background: #ddd;\\n\\","}\\n\\","</style>\\n\\","</head>\\n\\","<body>\\n\\","<!-- utility2-comment\\n\\","<div id=\"ajaxProgressDiv1\" style=\"background: #d00; height: 2px; left: 0; margin: 0; padding: 0; position: fixed; top: 0; transition: background 0.5s, width 1.5s; width: 25%;\"></div>\\n\\","utility2-comment -->\\n\\","<h1>\\n\\","<!-- utility2-comment\\n\\","    <a\\n\\","        {{#if env.npm_package_homepage}}\\n\\","        href=\"{{env.npm_package_homepage}}\"\\n\\","        {{/if env.npm_package_homepage}}\\n\\","        target=\"_blank\"\\n\\","    >\\n\\","utility2-comment -->\\n\\","        {{env.npm_package_name}} (v{{env.npm_package_version}})\\n\\","<!-- utility2-comment\\n\\","    </a>\\n\\","utility2-comment -->\\n\\","</h1>\\n\\","<h3>{{env.npm_package_description}}</h3>\\n\\","<!-- utility2-comment\\n\\","<h4><a download href=\"assets.app.js\">download standalone app</a></h4>\\n\\","<button class=\"onclick onreset\" id=\"testRunButton1\">run internal test</button><br>\\n\\","<div id=\"testReportDiv1\" style=\"display: none;\"></div>\\n\\","utility2-comment -->\\n\\","\\n\\","\\n\\","\\n\\","<label>stderr and stdout</label>\\n\\","<textarea class=\"resettable\" id=\"outputTextareaStdout1\" readonly></textarea>\\n\\","<!-- utility2-comment\\n\\","{{#if isRollup}}\\n\\","<script src=\"assets.app.js\"></script>\\n\\","{{#unless isRollup}}\\n\\","utility2-comment -->\\n\\","<script src=\"assets.utility2.rollup.js\"></script>\\n\\","<script src=\"jsonp.utility2._stateInit?callback=window.utility2._stateInit\"></script>\\n\\","<script src=\"assets.npmtest_angularfire2.rollup.js\"></script>\\n\\","<script src=\"assets.example.js\"></script>\\n\\","<script src=\"assets.test.js\"></script>\\n\\","<!-- utility2-comment\\n\\","{{/if isRollup}}\\n\\","utility2-comment -->\\n\\","<div class=\"utility2FooterDiv\">\\n\\","    [ this app was created with\\n\\","    <a href=\"https://github.com/kaizhu256/node-utility2\" target=\"_blank\">utility2</a>\\n\\","    ]\\n\\","</div>\\n\\","</body>\\n\\","</html>\\n\\","';","        /* jslint-ignore-end */","        if (local.templateRender) {","            local.assetsDict['/'] = local.templateRender(","                local.assetsDict['/assets.index.template.html'],","                {","                    env: local.objectSetDefault(local.env, {","                        npm_package_description: 'the greatest app in the world!',","                        npm_package_name: 'my-app',","                        npm_package_nameAlias: 'my_app',","                        npm_package_version: '0.0.1'","                    })","                }","            );","        } else {","            local.assetsDict['/'] = local.assetsDict['/assets.index.template.html']","                .replace((/\\{\\{env\\.(\\w+?)\\}\\}/g), function (match0, match1) {","                    // jslint-hack","                    String(match0);","                    switch (match1) {","                    case 'npm_package_description':","                        return 'the greatest app in the world!';","                    case 'npm_package_name':","                        return 'my-app';","                    case 'npm_package_nameAlias':","                        return 'my_app';","                    case 'npm_package_version':","                        return '0.0.1';","                    }","                });","        }","        // run the cli","        if (local.global.utility2_rollup || module !== require.main) {","            break;","        }","        local.assetsDict['/assets.example.js'] =","            local.assetsDict['/assets.example.js'] ||","            local.fs.readFileSync(__filename, 'utf8');","        // bug-workaround - long $npm_package_buildCustomOrg","        /* jslint-ignore-begin */","        local.assetsDict['/assets.npmtest_angularfire2.rollup.js'] =","            local.assetsDict['/assets.npmtest_angularfire2.rollup.js'] ||","            local.fs.readFileSync(","                local.npmtest_angularfire2.__dirname + '/lib.npmtest_angularfire2.js',","                'utf8'","            ).replace((/^#!/), '//');","        /* jslint-ignore-end */","        local.assetsDict['/favicon.ico'] = local.assetsDict['/favicon.ico'] || '';","        // if $npm_config_timeout_exit exists,","        // then exit this process after $npm_config_timeout_exit ms","        if (Number(process.env.npm_config_timeout_exit)) {","            setTimeout(process.exit, Number(process.env.npm_config_timeout_exit));","        }","        // start server","        if (local.global.utility2_serverHttp1) {","            break;","        }","        process.env.PORT = process.env.PORT || '8081';","        console.error('server starting on port ' + process.env.PORT);","        local.http.createServer(function (request, response) {","            request.urlParsed = local.url.parse(request.url);","            if (local.assetsDict[request.urlParsed.pathname] !== undefined) {","                response.end(local.assetsDict[request.urlParsed.pathname]);","                return;","            }","            response.statusCode = 404;","            response.end();","        }).listen(process.env.PORT);","        break;","    }","}());",""],"l":{"26":2,"28":2,"33":2,"35":2,"37":2,"38":2,"39":2,"44":1,"51":2,"55":2,"59":2,"61":2,"69":1,"70":2,"76":2,"79":2,"82":2,"83":2,"85":1,"89":2,"92":1,"93":1,"94":1,"96":1,"97":1,"100":1,"101":1,"103":1,"106":1,"108":2,"114":1,"116":1,"118":1,"123":1,"124":2,"125":2,"126":3,"127":3,"128":3,"129":3,"130":1,"133":3,"134":3,"139":3,"143":1,"144":3,"145":1,"149":1,"150":1,"158":1,"160":1,"161":1,"162":1,"164":1,"166":1,"258":1,"259":1,"271":1,"274":6,"275":6,"277":1,"279":2,"281":1,"283":2,"288":1,"289":1,"291":1,"296":1,"303":1,"306":1,"307":1,"310":1,"311":1,"313":1,"314":1,"315":1,"316":1,"317":1,"318":1,"319":1,"321":1,"322":1,"324":1}},"/home/travis/build/npmtest/node-npmtest-angularfire2/node_modules/angularfire2/bundles/angularfire2.umd.js":{"path":"/home/travis/build/npmtest/node-npmtest-angularfire2/node_modules/angularfire2/bundles/angularfire2.umd.js","s":{"1":2,"2":2,"3":1,"4":0,"5":1,"6":0,"7":1,"8":0,"9":1,"10":0,"11":1,"12":0,"13":1,"14":0,"15":1,"16":0,"17":1,"18":0,"19":0,"20":0,"21":1,"22":0,"23":0,"24":0,"25":0,"26":0,"27":0,"28":0,"29":1,"30":0,"31":0,"32":0,"33":0,"34":0,"35":0,"36":0,"37":1,"38":0,"39":0,"40":0,"41":1,"42":0,"43":0,"44":0,"45":0,"46":1,"47":0,"48":0,"49":0,"50":0,"51":0,"52":0,"53":0,"54":0,"55":0,"56":0,"57":0,"58":0,"59":0,"60":0,"61":0,"62":0,"63":0,"64":1,"65":0,"66":0,"67":0,"68":0,"69":0,"70":0,"71":0,"72":0,"73":0,"74":0,"75":0,"76":0,"77":0,"78":0,"79":0,"80":0,"81":1,"82":0,"83":0,"84":0,"85":0,"86":0,"87":0,"88":0,"89":0,"90":0,"91":0,"92":0,"93":0,"94":0,"95":0,"96":0,"97":0,"98":0,"99":0,"100":0,"101":0,"102":0,"103":0,"104":0,"105":0,"106":0,"107":0,"108":0,"109":0,"110":0,"111":0,"112":0,"113":0,"114":0,"115":0,"116":1,"117":0,"118":0,"119":0,"120":0,"121":0,"122":0,"123":0,"124":0,"125":1,"126":0,"127":0,"128":0,"129":0,"130":0,"131":0,"132":0,"133":0,"134":0,"135":0,"136":0,"137":0,"138":0,"139":0,"140":0,"141":0,"142":0,"143":0,"144":0,"145":0,"146":0,"147":1,"148":0,"149":0,"150":0,"151":0,"152":0,"153":0,"154":0,"155":0,"156":0,"157":0,"158":0,"159":0,"160":0,"161":0,"162":0,"163":0,"164":0,"165":0,"166":0,"167":0,"168":0,"169":0,"170":0,"171":0,"172":0,"173":0,"174":0,"175":0,"176":0,"177":0,"178":0,"179":0,"180":0,"181":0,"182":0,"183":0,"184":0,"185":0,"186":0,"187":0,"188":0,"189":0,"190":0,"191":0,"192":0,"193":0,"194":0,"195":0,"196":0,"197":0,"198":0,"199":0,"200":0,"201":0,"202":0,"203":0,"204":0,"205":0,"206":0,"207":0,"208":0,"209":0,"210":0,"211":0,"212":0,"213":0,"214":0,"215":0,"216":0,"217":0,"218":0,"219":0,"220":0,"221":0,"222":0,"223":0,"224":0,"225":0,"226":0,"227":0,"228":0,"229":0,"230":0,"231":0,"232":0,"233":1,"234":0,"235":0,"236":0,"237":0,"238":0,"239":0,"240":0,"241":0,"242":1,"243":0,"244":0,"245":0,"246":0,"247":0,"248":0,"249":0,"250":0,"251":0,"252":0,"253":0,"254":0,"255":0,"256":0,"257":0,"258":0,"259":0,"260":0,"261":0,"262":0,"263":0,"264":0,"265":0,"266":1,"267":0,"268":0,"269":0,"270":0,"271":0,"272":0,"273":0,"274":0,"275":0,"276":0,"277":0,"278":0,"279":0,"280":0,"281":0,"282":0,"283":0,"284":0,"285":0,"286":0,"287":0,"288":0,"289":0,"290":0,"291":0,"292":0,"293":0,"294":0,"295":0,"296":0,"297":0,"298":0,"299":0,"300":0,"301":0,"302":0,"303":0,"304":0,"305":0,"306":0,"307":0,"308":0,"309":0,"310":0,"311":0,"312":0,"313":0,"314":0,"315":0,"316":0,"317":1,"318":0,"319":0,"320":0,"321":0,"322":0,"323":0,"324":0,"325":0,"326":0,"327":0,"328":0,"329":0,"330":0,"331":0,"332":0,"333":0,"334":1,"335":0,"336":0,"337":0,"338":0,"339":0,"340":0,"341":0,"342":0,"343":0,"344":0,"345":0,"346":0,"347":0,"348":0,"349":1,"350":0,"351":0,"352":0,"353":0,"354":0,"355":0,"356":0,"357":1,"358":0,"359":0,"360":0,"361":0,"362":1,"363":0,"364":0,"365":0,"366":0,"367":0,"368":0,"369":0,"370":0,"371":0,"372":0,"373":0,"374":0,"375":0,"376":0,"377":0,"378":0,"379":0,"380":0,"381":0,"382":0,"383":0,"384":0,"385":0,"386":0,"387":0,"388":0,"389":0,"390":0,"391":0,"392":0,"393":0,"394":0,"395":0,"396":0,"397":0,"398":0,"399":0,"400":0,"401":0,"402":0,"403":0,"404":0,"405":0,"406":0,"407":0,"408":0,"409":0,"410":0,"411":0,"412":0,"413":0,"414":0,"415":0,"416":0,"417":0,"418":1,"419":0,"420":0,"421":0,"422":0,"423":0,"424":0,"425":0,"426":0,"427":0,"428":0,"429":0,"430":0,"431":0,"432":0,"433":0,"434":0,"435":0,"436":0,"437":0,"438":0,"439":0,"440":0,"441":0,"442":0,"443":0,"444":0,"445":0,"446":0,"447":0,"448":0,"449":0,"450":0,"451":0,"452":0,"453":1,"454":0,"455":0,"456":0,"457":0,"458":0,"459":0,"460":0,"461":0,"462":0,"463":0,"464":0,"465":0,"466":1,"467":0,"468":0,"469":0,"470":0,"471":0,"472":0,"473":0,"474":0,"475":0,"476":0,"477":0,"478":0,"479":0,"480":1,"481":0,"482":0,"483":0,"484":0,"485":0,"486":0,"487":0,"488":1,"489":0,"490":0,"491":0,"492":0,"493":0,"494":0,"495":0,"496":1,"497":0,"498":0,"499":0,"500":0,"501":0,"502":0,"503":0,"504":1,"505":0,"506":0,"507":0,"508":0,"509":0,"510":1,"511":0,"512":0,"513":0,"514":0,"515":0,"516":1,"517":0,"518":0,"519":0,"520":0,"521":0,"522":0,"523":0,"524":0,"525":0,"526":0,"527":0,"528":0,"529":0,"530":0,"531":0,"532":0,"533":0,"534":0,"535":0,"536":0,"537":0,"538":0,"539":0,"540":0,"541":0,"542":0,"543":0,"544":0,"545":0,"546":0,"547":0,"548":0,"549":0,"550":0,"551":0,"552":0,"553":0,"554":0,"555":0,"556":0,"557":0,"558":0,"559":0,"560":0,"561":0,"562":1,"563":0,"564":0,"565":0,"566":0,"567":0,"568":0,"569":0,"570":0,"571":0,"572":0,"573":0,"574":0,"575":0,"576":0,"577":0,"578":0,"579":0,"580":0,"581":0,"582":0,"583":0,"584":0,"585":0,"586":0,"587":0,"588":0,"589":0,"590":0,"591":0,"592":0,"593":0,"594":0,"595":0,"596":0,"597":0,"598":0,"599":0,"600":0,"601":0,"602":0,"603":0,"604":0,"605":0,"606":0,"607":0,"608":0,"609":0,"610":0,"611":0,"612":0,"613":0,"614":0,"615":0,"616":0,"617":0,"618":1,"619":0,"620":0,"621":0,"622":0,"623":0,"624":0,"625":0,"626":0,"627":0,"628":1,"629":0,"630":0,"631":0,"632":0,"633":0,"634":0,"635":0,"636":0,"637":0,"638":0,"639":0,"640":0,"641":0,"642":1,"643":0,"644":0,"645":0,"646":1,"647":0,"648":0,"649":0,"650":0,"651":0,"652":0,"653":0,"654":0,"655":0,"656":0,"657":0,"658":0,"659":0,"660":0,"661":0,"662":0,"663":0,"664":0,"665":1,"666":0,"667":0,"668":0,"669":0,"670":1,"671":0,"672":0,"673":0,"674":0,"675":0,"676":0,"677":0,"678":0,"679":0,"680":0,"681":0,"682":0,"683":0,"684":0,"685":0,"686":0,"687":0,"688":0,"689":0,"690":0,"691":0,"692":0,"693":0,"694":0,"695":0,"696":0,"697":0,"698":0,"699":0,"700":0,"701":0,"702":0,"703":0,"704":0,"705":0,"706":0,"707":0,"708":1,"709":0,"710":0,"711":0,"712":0,"713":0,"714":1,"715":0,"716":0,"717":0,"718":0,"719":0,"720":1,"721":0,"722":1,"723":0,"724":1,"725":0,"726":0,"727":0,"728":0,"729":0,"730":0,"731":0,"732":1,"733":0,"734":0,"735":0,"736":0,"737":0,"738":0,"739":0,"740":0,"741":0,"742":0,"743":0,"744":0,"745":0,"746":0,"747":0,"748":0,"749":0,"750":0,"751":0,"752":0,"753":0,"754":0,"755":0,"756":0,"757":0},"b":{"1":[2,0],"2":[2,2],"3":[0,0],"4":[0,0],"5":[0,0],"6":[0,0],"7":[0,0],"8":[0,0],"9":[0,0],"10":[0,0],"11":[0,0],"12":[0,0],"13":[0,0],"14":[0,0],"15":[0,0],"16":[0,0],"17":[0,0],"18":[0,0],"19":[0,0],"20":[0,0],"21":[0,0],"22":[0,0],"23":[0,0,0,0,0,0,0],"24":[0,0],"25":[0,0],"26":[0,0,0],"27":[0,0],"28":[0,0],"29":[0,0,0],"30":[0,0],"31":[0,0],"32":[0,0],"33":[0,0],"34":[0,0],"35":[0,0],"36":[0,0],"37":[0,0],"38":[0,0,0],"39":[0,0,0],"40":[0,0],"41":[0,0],"42":[0,0,0],"43":[0,0],"44":[0,0],"45":[0,0],"46":[0,0],"47":[0,0],"48":[0,0],"49":[0,0],"50":[0,0],"51":[0,0],"52":[0,0],"53":[0,0],"54":[0,0],"55":[0,0],"56":[0,0],"57":[0,0],"58":[0,0,0,0,0,0],"59":[0,0],"60":[0,0],"61":[0,0],"62":[0,0],"63":[0,0],"64":[0,0,0],"65":[0,0],"66":[0,0],"67":[0,0,0],"68":[0,0],"69":[0,0],"70":[0,0,0],"71":[0,0],"72":[0,0],"73":[0,0],"74":[0,0],"75":[0,0],"76":[0,0],"77":[0,0],"78":[0,0],"79":[0,0,0],"80":[0,0,0],"81":[0,0],"82":[0,0],"83":[0,0,0],"84":[0,0],"85":[0,0],"86":[0,0],"87":[0,0,0,0,0],"88":[0,0,0],"89":[0,0],"90":[0,0],"91":[0,0],"92":[0,0],"93":[0,0],"94":[0,0],"95":[0,0],"96":[0,0],"97":[0,0,0],"98":[0,0,0],"99":[0,0],"100":[0,0],"101":[0,0,0],"102":[0,0],"103":[0,0,0],"104":[0,0],"105":[0,0],"106":[0,0],"107":[0,0],"108":[0,0],"109":[0,0],"110":[0,0],"111":[0,0],"112":[0,0],"113":[0,0],"114":[0,0],"115":[0,0],"116":[0,0],"117":[0,0],"118":[0,0],"119":[0,0],"120":[0,0],"121":[0,0,0,0],"122":[0,0],"123":[0,0],"124":[0,0],"125":[0,0],"126":[0,0],"127":[0,0],"128":[0,0],"129":[0,0],"130":[0,0],"131":[0,0],"132":[0,0],"133":[0,0],"134":[0,0],"135":[0,0],"136":[0,0],"137":[0,0],"138":[0,0],"139":[0,0],"140":[0,0],"141":[0,0],"142":[0,0],"143":[0,0,0],"144":[0,0],"145":[0,0],"146":[0,0],"147":[0,0],"148":[0,0],"149":[0,0],"150":[0,0],"151":[0,0],"152":[0,0],"153":[0,0],"154":[0,0],"155":[0,0],"156":[0,0],"157":[0,0],"158":[0,0],"159":[0,0],"160":[0,0],"161":[0,0],"162":[0,0],"163":[0,0],"164":[0,0],"165":[0,0],"166":[0,0],"167":[0,0],"168":[0,0],"169":[0,0],"170":[0,0],"171":[0,0],"172":[0,0],"173":[0,0],"174":[0,0],"175":[0,0],"176":[0,0],"177":[0,0],"178":[0,0],"179":[0,0],"180":[0,0],"181":[0,0],"182":[0,0],"183":[0,0],"184":[0,0],"185":[0,0],"186":[0,0,0],"187":[0,0],"188":[0,0],"189":[0,0],"190":[0,0],"191":[0,0],"192":[0,0],"193":[0,0,0],"194":[0,0],"195":[0,0],"196":[0,0],"197":[0,0],"198":[0,0],"199":[0,0],"200":[0,0],"201":[0,0],"202":[0,0,0],"203":[0,0,0],"204":[0,0],"205":[0,0],"206":[0,0,0],"207":[0,0]},"f":{"1":2,"2":0,"3":0,"4":0,"5":0,"6":0,"7":0,"8":0,"9":0,"10":0,"11":0,"12":0,"13":0,"14":0,"15":0,"16":0,"17":0,"18":0,"19":0,"20":0,"21":0,"22":0,"23":0,"24":0,"25":0,"26":0,"27":0,"28":0,"29":0,"30":0,"31":0,"32":0,"33":0,"34":0,"35":0,"36":0,"37":0,"38":0,"39":0,"40":0,"41":0,"42":0,"43":0,"44":0,"45":0,"46":0,"47":0,"48":0,"49":0,"50":0,"51":0,"52":0,"53":0,"54":0,"55":0,"56":0,"57":0,"58":0,"59":0,"60":0,"61":0,"62":0,"63":0,"64":0,"65":0,"66":0,"67":0,"68":0,"69":0,"70":0,"71":0,"72":0,"73":0,"74":0,"75":0,"76":0,"77":0,"78":0,"79":0,"80":0,"81":0,"82":0,"83":0,"84":0,"85":0,"86":0,"87":0,"88":0,"89":0,"90":0,"91":0,"92":0,"93":0,"94":0,"95":0,"96":0,"97":0,"98":0,"99":0,"100":0,"101":0,"102":0,"103":0,"104":0,"105":0,"106":0,"107":0,"108":0,"109":0,"110":0,"111":0,"112":0,"113":0,"114":0,"115":0,"116":0,"117":0,"118":0,"119":0,"120":0,"121":0,"122":0,"123":0,"124":0,"125":0,"126":0,"127":0,"128":0,"129":0,"130":0,"131":0,"132":0,"133":0,"134":0,"135":0,"136":0,"137":0,"138":0,"139":0,"140":0,"141":0,"142":0,"143":0,"144":0,"145":0,"146":0,"147":0,"148":0,"149":0,"150":0,"151":0,"152":0,"153":0,"154":0,"155":0,"156":0,"157":0,"158":0,"159":0,"160":0,"161":0,"162":0,"163":0,"164":0,"165":0,"166":0,"167":0,"168":0,"169":0,"170":0,"171":0,"172":0,"173":0,"174":0,"175":0,"176":0,"177":0,"178":0,"179":0,"180":0,"181":0,"182":0,"183":0,"184":0,"185":0,"186":0,"187":0,"188":0,"189":0,"190":0,"191":0,"192":0,"193":0,"194":0,"195":0,"196":0,"197":0,"198":0},"fnMap":{"1":{"name":"(anonymous_1)","line":1,"loc":{"start":{"line":1,"column":1},"end":{"line":1,"column":28}}},"2":{"name":"(anonymous_2)","line":5,"loc":{"start":{"line":5,"column":9},"end":{"line":5,"column":291}}},"3":{"name":"isNil","line":7,"loc":{"start":{"line":7,"column":0},"end":{"line":7,"column":20}}},"4":{"name":"hasKey","line":10,"loc":{"start":{"line":10,"column":0},"end":{"line":10,"column":26}}},"5":{"name":"isString","line":13,"loc":{"start":{"line":13,"column":0},"end":{"line":13,"column":25}}},"6":{"name":"isFirebaseRef","line":16,"loc":{"start":{"line":16,"column":0},"end":{"line":16,"column":30}}},"7":{"name":"isFirebaseDataSnapshot","line":19,"loc":{"start":{"line":19,"column":0},"end":{"line":19,"column":39}}},"8":{"name":"isAFUnwrappedSnapshot","line":22,"loc":{"start":{"line":22,"column":0},"end":{"line":22,"column":38}}},"9":{"name":"isFirebaseQuery","line":25,"loc":{"start":{"line":25,"column":0},"end":{"line":25,"column":32}}},"10":{"name":"isEmptyObject","line":28,"loc":{"start":{"line":28,"column":0},"end":{"line":28,"column":28}}},"11":{"name":"unwrapMapFn","line":34,"loc":{"start":{"line":34,"column":0},"end":{"line":34,"column":31}}},"12":{"name":"(anonymous_12)","line":46,"loc":{"start":{"line":46,"column":15},"end":{"line":46,"column":27}}},"13":{"name":"checkForUrlOrFirebaseRef","line":53,"loc":{"start":{"line":53,"column":0},"end":{"line":53,"column":51}}},"14":{"name":"stripTrailingSlash","line":65,"loc":{"start":{"line":65,"column":0},"end":{"line":65,"column":35}}},"15":{"name":"stripLeadingSlash","line":73,"loc":{"start":{"line":73,"column":0},"end":{"line":73,"column":34}}},"16":{"name":"(anonymous_16)","line":81,"loc":{"start":{"line":81,"column":21},"end":{"line":81,"column":33}}},"17":{"name":"ZoneScheduler","line":82,"loc":{"start":{"line":82,"column":4},"end":{"line":82,"column":33}}},"18":{"name":"(anonymous_18)","line":85,"loc":{"start":{"line":85,"column":39},"end":{"line":85,"column":51}}},"19":{"name":"(anonymous_19)","line":90,"loc":{"start":{"line":90,"column":29},"end":{"line":90,"column":41}}},"20":{"name":"(anonymous_20)","line":104,"loc":{"start":{"line":104,"column":19},"end":{"line":104,"column":31}}},"21":{"name":"AuthBackend","line":105,"loc":{"start":{"line":105,"column":4},"end":{"line":105,"column":27}}},"22":{"name":"(anonymous_22)","line":110,"loc":{"start":{"line":110,"column":1},"end":{"line":110,"column":26}}},"23":{"name":"(anonymous_23)","line":121,"loc":{"start":{"line":121,"column":1},"end":{"line":121,"column":24}}},"24":{"name":"authDataToAuthState","line":130,"loc":{"start":{"line":130,"column":0},"end":{"line":130,"column":53}}},"25":{"name":"stripProviderId","line":178,"loc":{"start":{"line":178,"column":0},"end":{"line":178,"column":37}}},"26":{"name":"(anonymous_26)","line":186,"loc":{"start":{"line":186,"column":54},"end":{"line":186,"column":70}}},"27":{"name":"__","line":188,"loc":{"start":{"line":188,"column":4},"end":{"line":188,"column":18}}},"28":{"name":"(anonymous_28)","line":191,"loc":{"start":{"line":191,"column":58},"end":{"line":191,"column":99}}},"29":{"name":"(anonymous_29)","line":197,"loc":{"start":{"line":197,"column":58},"end":{"line":197,"column":74}}},"30":{"name":"(anonymous_30)","line":200,"loc":{"start":{"line":200,"column":52},"end":{"line":200,"column":85}}},"31":{"name":"(anonymous_31)","line":201,"loc":{"start":{"line":201,"column":11},"end":{"line":201,"column":34}}},"32":{"name":"(anonymous_32)","line":204,"loc":{"start":{"line":204,"column":25},"end":{"line":204,"column":43}}},"33":{"name":"(anonymous_33)","line":207,"loc":{"start":{"line":207,"column":27},"end":{"line":207,"column":45}}},"34":{"name":"AngularFireAuth","line":209,"loc":{"start":{"line":209,"column":4},"end":{"line":209,"column":57}}},"35":{"name":"(anonymous_35)","line":216,"loc":{"start":{"line":216,"column":53},"end":{"line":216,"column":74}}},"36":{"name":"(anonymous_36)","line":220,"loc":{"start":{"line":220,"column":94},"end":{"line":220,"column":120}}},"37":{"name":"(anonymous_37)","line":231,"loc":{"start":{"line":231,"column":23},"end":{"line":231,"column":43}}},"38":{"name":"(anonymous_38)","line":234,"loc":{"start":{"line":234,"column":38},"end":{"line":234,"column":60}}},"39":{"name":"(anonymous_39)","line":273,"loc":{"start":{"line":273,"column":26},"end":{"line":273,"column":52}}},"40":{"name":"(anonymous_40)","line":289,"loc":{"start":{"line":289,"column":39},"end":{"line":289,"column":51}}},"41":{"name":"(anonymous_41)","line":292,"loc":{"start":{"line":292,"column":40},"end":{"line":292,"column":52}}},"42":{"name":"(anonymous_42)","line":296,"loc":{"start":{"line":296,"column":43},"end":{"line":296,"column":66}}},"43":{"name":"(anonymous_43)","line":299,"loc":{"start":{"line":299,"column":46},"end":{"line":299,"column":64}}},"44":{"name":"(anonymous_44)","line":304,"loc":{"start":{"line":304,"column":40},"end":{"line":304,"column":55}}},"45":{"name":"(anonymous_45)","line":305,"loc":{"start":{"line":305,"column":27},"end":{"line":305,"column":47}}},"46":{"name":"(anonymous_46)","line":309,"loc":{"start":{"line":309,"column":45},"end":{"line":309,"column":78}}},"47":{"name":"(anonymous_47)","line":318,"loc":{"start":{"line":318,"column":46},"end":{"line":318,"column":66}}},"48":{"name":"attachCredentialToAuthState","line":341,"loc":{"start":{"line":341,"column":0},"end":{"line":341,"column":72}}},"49":{"name":"(anonymous_49)","line":348,"loc":{"start":{"line":348,"column":56},"end":{"line":348,"column":72}}},"50":{"name":"__","line":350,"loc":{"start":{"line":350,"column":4},"end":{"line":350,"column":18}}},"51":{"name":"(anonymous_51)","line":353,"loc":{"start":{"line":353,"column":58},"end":{"line":353,"column":99}}},"52":{"name":"(anonymous_52)","line":359,"loc":{"start":{"line":359,"column":58},"end":{"line":359,"column":74}}},"53":{"name":"(anonymous_53)","line":362,"loc":{"start":{"line":362,"column":52},"end":{"line":362,"column":85}}},"54":{"name":"(anonymous_54)","line":363,"loc":{"start":{"line":363,"column":11},"end":{"line":363,"column":34}}},"55":{"name":"(anonymous_55)","line":370,"loc":{"start":{"line":370,"column":30},"end":{"line":370,"column":48}}},"56":{"name":"FirebaseSdkAuthBackend","line":372,"loc":{"start":{"line":372,"column":4},"end":{"line":372,"column":44}}},"57":{"name":"(anonymous_57)","line":377,"loc":{"start":{"line":377,"column":50},"end":{"line":377,"column":67}}},"58":{"name":"(anonymous_58)","line":379,"loc":{"start":{"line":379,"column":18},"end":{"line":379,"column":34}}},"59":{"name":"(anonymous_59)","line":381,"loc":{"start":{"line":381,"column":47},"end":{"line":381,"column":59}}},"60":{"name":"(anonymous_60)","line":384,"loc":{"start":{"line":384,"column":46},"end":{"line":384,"column":58}}},"61":{"name":"(anonymous_61)","line":386,"loc":{"start":{"line":386,"column":60},"end":{"line":386,"column":80}}},"62":{"name":"(anonymous_62)","line":389,"loc":{"start":{"line":389,"column":64},"end":{"line":389,"column":80}}},"63":{"name":"(anonymous_63)","line":396,"loc":{"start":{"line":396,"column":46},"end":{"line":396,"column":58}}},"64":{"name":"(anonymous_64)","line":399,"loc":{"start":{"line":399,"column":59},"end":{"line":399,"column":76}}},"65":{"name":"(anonymous_65)","line":401,"loc":{"start":{"line":401,"column":18},"end":{"line":401,"column":34}}},"66":{"name":"(anonymous_66)","line":403,"loc":{"start":{"line":403,"column":55},"end":{"line":403,"column":67}}},"67":{"name":"(anonymous_67)","line":405,"loc":{"start":{"line":405,"column":18},"end":{"line":405,"column":34}}},"68":{"name":"(anonymous_68)","line":407,"loc":{"start":{"line":407,"column":56},"end":{"line":407,"column":73}}},"69":{"name":"(anonymous_69)","line":409,"loc":{"start":{"line":409,"column":18},"end":{"line":409,"column":34}}},"70":{"name":"(anonymous_70)","line":411,"loc":{"start":{"line":411,"column":58},"end":{"line":411,"column":87}}},"71":{"name":"(anonymous_71)","line":414,"loc":{"start":{"line":414,"column":34},"end":{"line":414,"column":51}}},"72":{"name":"(anonymous_72)","line":418,"loc":{"start":{"line":418,"column":61},"end":{"line":418,"column":90}}},"73":{"name":"(anonymous_73)","line":421,"loc":{"start":{"line":421,"column":58},"end":{"line":421,"column":80}}},"74":{"name":"(anonymous_74)","line":423,"loc":{"start":{"line":423,"column":18},"end":{"line":423,"column":34}}},"75":{"name":"(anonymous_75)","line":425,"loc":{"start":{"line":425,"column":57},"end":{"line":425,"column":69}}},"76":{"name":"(anonymous_76)","line":428,"loc":{"start":{"line":428,"column":59},"end":{"line":428,"column":81}}},"77":{"name":"castPromise","line":449,"loc":{"start":{"line":449,"column":0},"end":{"line":449,"column":34}}},"78":{"name":"(anonymous_78)","line":453,"loc":{"start":{"line":453,"column":58},"end":{"line":453,"column":99}}},"79":{"name":"(anonymous_79)","line":459,"loc":{"start":{"line":459,"column":58},"end":{"line":459,"column":74}}},"80":{"name":"(anonymous_80)","line":462,"loc":{"start":{"line":462,"column":52},"end":{"line":462,"column":85}}},"81":{"name":"(anonymous_81)","line":463,"loc":{"start":{"line":463,"column":11},"end":{"line":463,"column":34}}},"82":{"name":"(anonymous_82)","line":465,"loc":{"start":{"line":465,"column":31},"end":{"line":465,"column":43}}},"83":{"name":"AngularFireDatabase$$1","line":466,"loc":{"start":{"line":466,"column":4},"end":{"line":466,"column":53}}},"84":{"name":"(anonymous_84)","line":470,"loc":{"start":{"line":470,"column":44},"end":{"line":470,"column":70}}},"85":{"name":"(anonymous_85)","line":473,"loc":{"start":{"line":473,"column":19},"end":{"line":473,"column":31}}},"86":{"name":"(anonymous_86)","line":474,"loc":{"start":{"line":474,"column":19},"end":{"line":474,"column":31}}},"87":{"name":"(anonymous_87)","line":477,"loc":{"start":{"line":477,"column":46},"end":{"line":477,"column":72}}},"88":{"name":"(anonymous_88)","line":480,"loc":{"start":{"line":480,"column":19},"end":{"line":480,"column":31}}},"89":{"name":"(anonymous_89)","line":481,"loc":{"start":{"line":481,"column":19},"end":{"line":481,"column":31}}},"90":{"name":"getAbsUrl","line":492,"loc":{"start":{"line":492,"column":0},"end":{"line":492,"column":30}}},"91":{"name":"(anonymous_91)","line":499,"loc":{"start":{"line":499,"column":56},"end":{"line":499,"column":72}}},"92":{"name":"__","line":501,"loc":{"start":{"line":501,"column":4},"end":{"line":501,"column":18}}},"93":{"name":"(anonymous_93)","line":504,"loc":{"start":{"line":504,"column":30},"end":{"line":504,"column":48}}},"94":{"name":"FirebaseListObservable","line":506,"loc":{"start":{"line":506,"column":4},"end":{"line":506,"column":53}}},"95":{"name":"(anonymous_95)","line":511,"loc":{"start":{"line":511,"column":44},"end":{"line":511,"column":64}}},"96":{"name":"(anonymous_96)","line":518,"loc":{"start":{"line":518,"column":44},"end":{"line":518,"column":59}}},"97":{"name":"(anonymous_97)","line":524,"loc":{"start":{"line":524,"column":46},"end":{"line":524,"column":69}}},"98":{"name":"(anonymous_98)","line":527,"loc":{"start":{"line":527,"column":24},"end":{"line":527,"column":36}}},"99":{"name":"(anonymous_99)","line":528,"loc":{"start":{"line":528,"column":26},"end":{"line":528,"column":38}}},"100":{"name":"(anonymous_100)","line":529,"loc":{"start":{"line":529,"column":26},"end":{"line":529,"column":38}}},"101":{"name":"(anonymous_101)","line":530,"loc":{"start":{"line":530,"column":35},"end":{"line":530,"column":47}}},"102":{"name":"(anonymous_102)","line":533,"loc":{"start":{"line":533,"column":46},"end":{"line":533,"column":62}}},"103":{"name":"(anonymous_103)","line":539,"loc":{"start":{"line":539,"column":24},"end":{"line":539,"column":36}}},"104":{"name":"(anonymous_104)","line":540,"loc":{"start":{"line":540,"column":26},"end":{"line":540,"column":38}}},"105":{"name":"(anonymous_105)","line":541,"loc":{"start":{"line":541,"column":26},"end":{"line":541,"column":38}}},"106":{"name":"(anonymous_106)","line":542,"loc":{"start":{"line":542,"column":35},"end":{"line":542,"column":47}}},"107":{"name":"(anonymous_107)","line":545,"loc":{"start":{"line":545,"column":60},"end":{"line":545,"column":83}}},"108":{"name":"(anonymous_108)","line":564,"loc":{"start":{"line":564,"column":1},"end":{"line":564,"column":27}}},"109":{"name":"(anonymous_109)","line":571,"loc":{"start":{"line":571,"column":1},"end":{"line":571,"column":27}}},"110":{"name":"(anonymous_110)","line":576,"loc":{"start":{"line":576,"column":1},"end":{"line":576,"column":25}}},"111":{"name":"observeQuery","line":582,"loc":{"start":{"line":582,"column":0},"end":{"line":582,"column":36}}},"112":{"name":"(anonymous_112)","line":587,"loc":{"start":{"line":587,"column":45},"end":{"line":587,"column":65}}},"113":{"name":"(anonymous_113)","line":593,"loc":{"start":{"line":593,"column":23},"end":{"line":593,"column":37}}},"114":{"name":"getOrderObservables","line":636,"loc":{"start":{"line":636,"column":0},"end":{"line":636,"column":36}}},"115":{"name":"(anonymous_115)","line":638,"loc":{"start":{"line":638,"column":13},"end":{"line":638,"column":36}}},"116":{"name":"(anonymous_116)","line":641,"loc":{"start":{"line":641,"column":16},"end":{"line":641,"column":30}}},"117":{"name":"(anonymous_117)","line":645,"loc":{"start":{"line":645,"column":13},"end":{"line":645,"column":27}}},"118":{"name":"(anonymous_118)","line":656,"loc":{"start":{"line":656,"column":46},"end":{"line":656,"column":68}}},"119":{"name":"getLimitToObservables","line":661,"loc":{"start":{"line":661,"column":0},"end":{"line":661,"column":38}}},"120":{"name":"(anonymous_120)","line":663,"loc":{"start":{"line":663,"column":13},"end":{"line":663,"column":36}}},"121":{"name":"(anonymous_121)","line":664,"loc":{"start":{"line":664,"column":16},"end":{"line":664,"column":30}}},"122":{"name":"(anonymous_122)","line":668,"loc":{"start":{"line":668,"column":13},"end":{"line":668,"column":27}}},"123":{"name":"(anonymous_123)","line":680,"loc":{"start":{"line":680,"column":46},"end":{"line":680,"column":68}}},"124":{"name":"getStartAtObservable","line":685,"loc":{"start":{"line":685,"column":0},"end":{"line":685,"column":37}}},"125":{"name":"(anonymous_125)","line":690,"loc":{"start":{"line":690,"column":46},"end":{"line":690,"column":68}}},"126":{"name":"(anonymous_126)","line":695,"loc":{"start":{"line":695,"column":46},"end":{"line":695,"column":68}}},"127":{"name":"getEndAtObservable","line":700,"loc":{"start":{"line":700,"column":0},"end":{"line":700,"column":35}}},"128":{"name":"(anonymous_128)","line":705,"loc":{"start":{"line":705,"column":46},"end":{"line":705,"column":68}}},"129":{"name":"(anonymous_129)","line":710,"loc":{"start":{"line":710,"column":46},"end":{"line":710,"column":68}}},"130":{"name":"getEqualToObservable","line":715,"loc":{"start":{"line":715,"column":0},"end":{"line":715,"column":37}}},"131":{"name":"(anonymous_131)","line":720,"loc":{"start":{"line":720,"column":46},"end":{"line":720,"column":68}}},"132":{"name":"(anonymous_132)","line":725,"loc":{"start":{"line":725,"column":46},"end":{"line":725,"column":68}}},"133":{"name":"mapToOrderBySelection","line":730,"loc":{"start":{"line":730,"column":0},"end":{"line":730,"column":43}}},"134":{"name":"(anonymous_134)","line":733,"loc":{"start":{"line":733,"column":25},"end":{"line":733,"column":42}}},"135":{"name":"(anonymous_135)","line":738,"loc":{"start":{"line":738,"column":46},"end":{"line":738,"column":68}}},"136":{"name":"mapToLimitToSelection","line":743,"loc":{"start":{"line":743,"column":0},"end":{"line":743,"column":43}}},"137":{"name":"(anonymous_137)","line":746,"loc":{"start":{"line":746,"column":25},"end":{"line":746,"column":42}}},"138":{"name":"(anonymous_138)","line":749,"loc":{"start":{"line":749,"column":46},"end":{"line":749,"column":68}}},"139":{"name":"FirebaseListFactory","line":755,"loc":{"start":{"line":755,"column":0},"end":{"line":755,"column":53}}},"140":{"name":"(anonymous_140)","line":759,"loc":{"start":{"line":759,"column":15},"end":{"line":759,"column":27}}},"141":{"name":"(anonymous_141)","line":760,"loc":{"start":{"line":760,"column":15},"end":{"line":760,"column":27}}},"142":{"name":"(anonymous_142)","line":761,"loc":{"start":{"line":761,"column":17},"end":{"line":761,"column":29}}},"143":{"name":"(anonymous_143)","line":769,"loc":{"start":{"line":769,"column":43},"end":{"line":769,"column":65}}},"144":{"name":"(anonymous_144)","line":770,"loc":{"start":{"line":770,"column":92},"end":{"line":770,"column":109}}},"145":{"name":"(anonymous_145)","line":818,"loc":{"start":{"line":818,"column":12},"end":{"line":818,"column":36}}},"146":{"name":"(anonymous_146)","line":822,"loc":{"start":{"line":822,"column":15},"end":{"line":822,"column":27}}},"147":{"name":"firebaseListObservable","line":825,"loc":{"start":{"line":825,"column":0},"end":{"line":825,"column":41}}},"148":{"name":"(anonymous_148)","line":827,"loc":{"start":{"line":827,"column":38},"end":{"line":827,"column":58}}},"149":{"name":"(anonymous_149)","line":828,"loc":{"start":{"line":828,"column":36},"end":{"line":828,"column":53}}},"150":{"name":"(anonymous_150)","line":828,"loc":{"start":{"line":828,"column":79},"end":{"line":828,"column":96}}},"151":{"name":"(anonymous_151)","line":829,"loc":{"start":{"line":829,"column":50},"end":{"line":829,"column":65}}},"152":{"name":"(anonymous_152)","line":834,"loc":{"start":{"line":834,"column":26},"end":{"line":834,"column":42}}},"153":{"name":"(anonymous_153)","line":836,"loc":{"start":{"line":836,"column":29},"end":{"line":836,"column":46}}},"154":{"name":"(anonymous_154)","line":839,"loc":{"start":{"line":839,"column":31},"end":{"line":839,"column":48}}},"155":{"name":"(anonymous_155)","line":848,"loc":{"start":{"line":848,"column":11},"end":{"line":848,"column":26}}},"156":{"name":"(anonymous_156)","line":854,"loc":{"start":{"line":854,"column":42},"end":{"line":854,"column":68}}},"157":{"name":"(anonymous_157)","line":863,"loc":{"start":{"line":863,"column":11},"end":{"line":863,"column":26}}},"158":{"name":"(anonymous_158)","line":870,"loc":{"start":{"line":870,"column":44},"end":{"line":870,"column":61}}},"159":{"name":"(anonymous_159)","line":875,"loc":{"start":{"line":875,"column":11},"end":{"line":875,"column":26}}},"160":{"name":"(anonymous_160)","line":882,"loc":{"start":{"line":882,"column":44},"end":{"line":882,"column":70}}},"161":{"name":"(anonymous_161)","line":887,"loc":{"start":{"line":887,"column":11},"end":{"line":887,"column":26}}},"162":{"name":"(anonymous_162)","line":894,"loc":{"start":{"line":894,"column":15},"end":{"line":894,"column":27}}},"163":{"name":"(anonymous_163)","line":895,"loc":{"start":{"line":895,"column":28},"end":{"line":895,"column":44}}},"164":{"name":"onChildAdded","line":902,"loc":{"start":{"line":902,"column":0},"end":{"line":902,"column":50}}},"165":{"name":"(anonymous_165)","line":906,"loc":{"start":{"line":906,"column":22},"end":{"line":906,"column":54}}},"166":{"name":"onChildChanged","line":917,"loc":{"start":{"line":917,"column":0},"end":{"line":917,"column":52}}},"167":{"name":"(anonymous_167)","line":919,"loc":{"start":{"line":919,"column":22},"end":{"line":919,"column":53}}},"168":{"name":"onChildRemoved","line":937,"loc":{"start":{"line":937,"column":0},"end":{"line":937,"column":43}}},"169":{"name":"(anonymous_169)","line":939,"loc":{"start":{"line":939,"column":22},"end":{"line":939,"column":35}}},"170":{"name":"FirebaseObjectFactory$$1","line":942,"loc":{"start":{"line":942,"column":0},"end":{"line":942,"column":58}}},"171":{"name":"(anonymous_171)","line":946,"loc":{"start":{"line":946,"column":15},"end":{"line":946,"column":27}}},"172":{"name":"(anonymous_172)","line":947,"loc":{"start":{"line":947,"column":15},"end":{"line":947,"column":27}}},"173":{"name":"(anonymous_173)","line":949,"loc":{"start":{"line":949,"column":56},"end
[...]
uteUrlOrDbRef; },","    });","    if ((isFirebaseRef(absoluteUrlOrDbRef) ||","        isString(absoluteUrlOrDbRef)) &&","        isEmptyObject(query)) {","        return firebaseListObservable(ref, { preserveSnapshot: preserveSnapshot });","    }","    var queryObs = observeQuery(query);","    return new FirebaseListObservable(ref, function (subscriber) {","        var sub = rxjs_operator_mergeMap.mergeMap.call(rxjs_operator_map.map.call(queryObs, function (query) {","            var queried = ref;","            if (query.orderByChild) {","                queried = queried.orderByChild(query.orderByChild);","            }","            else if (query.orderByKey) {","                queried = queried.orderByKey();","            }","            else if (query.orderByPriority) {","                queried = queried.orderByPriority();","            }","            else if (query.orderByValue) {","                queried = queried.orderByValue();","            }","            if (hasKey(query, \"equalTo\")) {","                queried = queried.equalTo(query.equalTo);","                if (hasKey(query, \"startAt\") || hasKey(query, \"endAt\")) {","                    throw new Error('Query Error: Cannot use startAt or endAt with equalTo.');","                }","                if (!isNil(query.limitToFirst)) {","                    queried = queried.limitToFirst(query.limitToFirst);","                }","                if (!isNil(query.limitToLast)) {","                    queried = queried.limitToLast(query.limitToLast);","                }","                return queried;","            }","            if (hasKey(query, \"startAt\")) {","                if (hasKey(query.startAt, \"value\")) {","                    queried = queried.startAt(query.startAt.value, query.startAt.key);","                }","                else {","                    queried = queried.startAt(query.startAt);","                }","            }","            if (hasKey(query, \"endAt\")) {","                queried = queried.endAt(query.endAt);","            }","            if (!isNil(query.limitToFirst) && query.limitToLast) {","                throw new Error('Query Error: Cannot use limitToFirst with limitToLast.');","            }","            if (!isNil(query.limitToFirst)) {","                queried = queried.limitToFirst(query.limitToFirst);","            }","            if (!isNil(query.limitToLast)) {","                queried = queried.limitToLast(query.limitToLast);","            }","            return queried;","        }), function (queryRef, ix) {","            return firebaseListObservable(queryRef, { preserveSnapshot: preserveSnapshot });","        })","            .subscribe(subscriber);","        return function () { return sub.unsubscribe(); };","    });","}","function firebaseListObservable(ref, _a) {","    var preserveSnapshot = (_a === void 0 ? {} : _a).preserveSnapshot;","    var toValue = preserveSnapshot ? (function (snapshot) { return snapshot; }) : unwrapMapFn;","    var toKey = preserveSnapshot ? (function (value) { return value.key; }) : (function (value) { return value.$key; });","    var listObs = new FirebaseListObservable(ref, function (obs) {","        var handles = [];","        var hasLoaded = false;","        var lastLoadedKey = null;","        var array = [];","        ref.once('value', function (snap) {","            if (snap.exists()) {","                snap.forEach(function (child) {","                    lastLoadedKey = child.key;","                });","                if (array.find(function (child) { return toKey(child) === lastLoadedKey; })) {","                    hasLoaded = true;","                    obs.next(array);","                }","            }","            else {","                hasLoaded = true;","                obs.next(array);","            }","        }, function (err) {","            if (err) {","                obs.error(err);","                obs.complete();","            }","        });","        var addFn = ref.on('child_added', function (child, prevKey) {","            array = onChildAdded(array, toValue(child), toKey, prevKey);","            if (hasLoaded) {","                obs.next(array);","            }","            else if (child.key === lastLoadedKey) {","                hasLoaded = true;","                obs.next(array);","            }","        }, function (err) {","            if (err) {","                obs.error(err);","                obs.complete();","            }","        });","        handles.push({ event: 'child_added', handle: addFn });","        var remFn = ref.on('child_removed', function (child) {","            array = onChildRemoved(array, toValue(child), toKey);","            if (hasLoaded) {","                obs.next(array);","            }","        }, function (err) {","            if (err) {","                obs.error(err);","                obs.complete();","            }","        });","        handles.push({ event: 'child_removed', handle: remFn });","        var chgFn = ref.on('child_changed', function (child, prevKey) {","            array = onChildChanged(array, toValue(child), toKey, prevKey);","            if (hasLoaded) {","                obs.next(array);","            }","        }, function (err) {","            if (err) {","                obs.error(err);","                obs.complete();","            }","        });","        handles.push({ event: 'child_changed', handle: chgFn });","        return function () {","            handles.forEach(function (item) {","                ref.off(item.event, item.handle);","            });","        };","    });","    return rxjs_operator_observeOn.observeOn.call(listObs, new ZoneScheduler(Zone.current));","}","function onChildAdded(arr, child, toKey, prevKey) {","    if (!arr.length) {","        return [child];","    }","    return arr.reduce(function (accumulator, curr, i) {","        if (!prevKey && i === 0) {","            accumulator.push(child);","        }","        accumulator.push(curr);","        if (prevKey && prevKey === toKey(curr)) {","            accumulator.push(child);","        }","        return accumulator;","    }, []);","}","function onChildChanged(arr, child, toKey, prevKey) {","    var childKey = toKey(child);","    return arr.reduce(function (accumulator, val, i) {","        var valKey = toKey(val);","        if (!prevKey && i == 0) {","            accumulator.push(child);","            if (valKey !== childKey) {","                accumulator.push(val);","            }","        }","        else if (valKey === prevKey) {","            accumulator.push(val);","            accumulator.push(child);","        }","        else if (valKey !== childKey) {","            accumulator.push(val);","        }","        return accumulator;","    }, []);","}","function onChildRemoved(arr, child, toKey) {","    var childKey = toKey(child);","    return arr.filter(function (c) { return toKey(c) !== childKey; });","}","","function FirebaseObjectFactory$$1(absoluteUrlOrDbRef, _a) {","    var preserveSnapshot = (_a === void 0 ? {} : _a).preserveSnapshot;","    var ref;","    checkForUrlOrFirebaseRef(absoluteUrlOrDbRef, {","        isUrl: function () { return ref = firebase.database().refFromURL(absoluteUrlOrDbRef); },","        isRef: function () { return ref = absoluteUrlOrDbRef; }","    });","    var objectObservable = new FirebaseObjectObservable(function (obs) {","        var fn = ref.on('value', function (snapshot) {","            obs.next(preserveSnapshot ? snapshot : unwrapMapFn(snapshot));","        }, function (err) {","            if (err) {","                obs.error(err);","                obs.complete();","            }","        });","        return function () { return ref.off('value', fn); };","    }, ref);","    return rxjs_operator_observeOn.observeOn.call(objectObservable, new ZoneScheduler(Zone.current));","}","","var __extends$3 = (undefined && undefined.__extends) || function (d, b) {","    for (var p in b) if (b.hasOwnProperty(p)) d[p] = b[p];","    function __() { this.constructor = d; }","    d.prototype = b === null ? Object.create(b) : (__.prototype = b.prototype, new __());","};","var FirebaseObjectObservable = (function (_super) {","    __extends$3(FirebaseObjectObservable, _super);","    function FirebaseObjectObservable(subscribe, $ref) {","        var _this = _super.call(this, subscribe) || this;","        _this.$ref = $ref;","        return _this;","    }","    FirebaseObjectObservable.prototype.lift = function (operator) {","        var observable = new FirebaseObjectObservable();","        observable.source = this;","        observable.operator = operator;","        observable.$ref = this.$ref;","        return observable;","    };","    FirebaseObjectObservable.prototype.set = function (value) {","        if (!this.$ref) {","            throw new Error('No ref specified for this Observable!');","        }","        return this.$ref.set(value);","    };","    FirebaseObjectObservable.prototype.update = function (value) {","        if (!this.$ref) {","            throw new Error('No ref specified for this Observable!');","        }","        return this.$ref.update(value);","    };","    FirebaseObjectObservable.prototype.remove = function () {","        if (!this.$ref) {","            throw new Error('No ref specified for this Observable!');","        }","        return this.$ref.remove();","    };","    return FirebaseObjectObservable;","}(rxjs_Observable.Observable));","","var __decorate = (undefined && undefined.__decorate) || function (decorators, target, key, desc) {","    var c = arguments.length, r = c < 3 ? target : desc === null ? desc = Object.getOwnPropertyDescriptor(target, key) : desc, d;","    if (typeof Reflect === \"object\" && typeof Reflect.decorate === \"function\") r = Reflect.decorate(decorators, target, key, desc);","    else for (var i = decorators.length - 1; i >= 0; i--) if (d = decorators[i]) r = (c < 3 ? d(r) : c > 3 ? d(target, key, r) : d(target, key)) || r;","    return c > 3 && r && Object.defineProperty(target, key, r), r;","};","var __metadata = (undefined && undefined.__metadata) || function (k, v) {","    if (typeof Reflect === \"object\" && typeof Reflect.metadata === \"function\") return Reflect.metadata(k, v);","};","var __param = (undefined && undefined.__param) || function (paramIndex, decorator) {","    return function (target, key) { decorator(target, key, paramIndex); }","};","exports.AngularFire = (function () {","    function AngularFire(firebaseConfig, auth$$1, database$$1) {","        this.firebaseConfig = firebaseConfig;","        this.auth = auth$$1;","        this.database = database$$1;","    }","    return AngularFire;","}());","exports.AngularFire = __decorate([","    _angular_core.Injectable(),","    __param(0, _angular_core.Inject(FirebaseConfig)),","    __metadata(\"design:paramtypes\", [Object, exports.AngularFireAuth,","        exports.AngularFireDatabase])","], exports.AngularFire);","function _getFirebase(config, appName) {","    try {","        if (appName) {","            return firebase.initializeApp(config, appName);","        }","        else {","            return firebase.initializeApp(config);","        }","    }","    catch (e) {","        return firebase.app(null);","    }","}","function _getWindowLocation() {","    return window.location;","}","function _getAuthBackend(app$$1) {","    return new FirebaseSdkAuthBackend(app$$1);","}","function _getDefaultFirebase(config) {","    config.databaseURL = stripTrailingSlash(config.databaseURL);","    return config;","}","var COMMON_PROVIDERS = [","    {","        provide: FirebaseApp,","        useFactory: _getFirebase,","        deps: [FirebaseConfig, FirebaseAppName]","    },","    exports.AngularFireAuth,","    exports.AngularFire,","    exports.AngularFireDatabase","];","var FIREBASE_PROVIDERS = [","    COMMON_PROVIDERS,","    {","        provide: AuthBackend,","        useFactory: _getAuthBackend,","        deps: [FirebaseApp]","    },","    {","        provide: WindowLocation,","        useFactory: _getWindowLocation","    },","];","var defaultFirebase = function (config) {","    return [","        { provide: FirebaseUserConfig, useValue: config },","        { provide: FirebaseConfig, useFactory: _getDefaultFirebase, deps: [FirebaseUserConfig] }","    ];","};","exports.AngularFireModule = AngularFireModule_1 = (function () {","    function AngularFireModule() {","    }","    AngularFireModule.initializeApp = function (config, authConfig, appName) {","        return {","            ngModule: AngularFireModule_1,","            providers: [","                { provide: FirebaseUserConfig, useValue: config },","                { provide: FirebaseConfig, useFactory: _getDefaultFirebase, deps: [FirebaseUserConfig] },","                { provide: FirebaseAuthConfig, useValue: authConfig },","                { provide: FirebaseAppName, useValue: appName }","            ]","        };","    };","    return AngularFireModule;","}());","exports.AngularFireModule = AngularFireModule_1 = __decorate([","    _angular_core.NgModule({","        providers: FIREBASE_PROVIDERS","    })","], exports.AngularFireModule);","var AngularFireModule_1;","","exports._getFirebase = _getFirebase;","exports._getWindowLocation = _getWindowLocation;","exports._getAuthBackend = _getAuthBackend;","exports._getDefaultFirebase = _getDefaultFirebase;","exports.COMMON_PROVIDERS = COMMON_PROVIDERS;","exports.FIREBASE_PROVIDERS = FIREBASE_PROVIDERS;","exports.defaultFirebase = defaultFirebase;","exports.FirebaseListObservable = FirebaseListObservable;","exports.FirebaseObjectObservable = FirebaseObjectObservable;","exports.FirebaseListFactory = FirebaseListFactory;","exports.FirebaseObjectFactory = FirebaseObjectFactory$$1;","exports.firebaseAuthConfig = firebaseAuthConfig;","exports.WindowLocation = WindowLocation;","exports.FirebaseConfig = FirebaseConfig;","exports.FirebaseApp = FirebaseApp;","exports.FirebaseAuthConfig = FirebaseAuthConfig;","exports.FirebaseRef = FirebaseRef;","exports.FirebaseUrl = FirebaseUrl;","exports.FirebaseUserConfig = FirebaseUserConfig;","","Object.defineProperty(exports, '__esModule', { value: true });","","})));",""],"l":{"1":2,"2":2,"7":1,"8":0,"10":1,"11":0,"13":1,"14":0,"16":1,"17":0,"19":1,"20":0,"22":1,"23":0,"25":1,"26":0,"28":1,"29":0,"30":0,"32":0,"34":1,"35":0,"36":0,"37":0,"41":0,"45":0,"47":0,"51":0,"53":1,"54":0,"55":0,"57":0,"58":0,"60":0,"61":0,"63":0,"65":1,"66":0,"67":0,"70":0,"73":1,"74":0,"75":0,"78":0,"81":0,"82":1,"83":0,"85":0,"86":0,"87":0,"88":0,"90":0,"92":0,"95":0,"96":0,"97":0,"98":0,"99":0,"100":0,"101":0,"102":0,"104":0,"105":1,"107":0,"110":0,"111":0,"112":0,"113":0,"114":0,"115":0,"116":0,"117":0,"121":0,"122":0,"123":0,"124":0,"125":0,"126":0,"127":0,"130":1,"131":0,"132":0,"133":0,"134":0,"135":0,"136":0,"137":0,"138":0,"139":0,"140":0,"142":0,"143":0,"144":0,"145":0,"148":0,"150":0,"152":0,"153":0,"154":0,"156":0,"157":0,"158":0,"160":0,"161":0,"162":0,"164":0,"165":0,"166":0,"168":0,"169":0,"171":0,"172":0,"174":0,"176":0,"178":1,"179":0,"180":0,"181":0,"183":0,"186":0,"187":0,"188":1,"189":0,"191":0,"192":0,"193":0,"194":0,"195":0,"197":0,"198":0,"200":0,"201":0,"203":0,"204":0,"205":0,"207":0,"208":0,"209":1,"210":0,"211":0,"212":0,"213":0,"214":0,"215":0,"216":0,"217":0,"218":0,"219":0,"220":0,"221":0,"222":0,"223":0,"225":0,"229":0,"231":0,"232":0,"234":0,"235":0,"236":0,"237":0,"238":0,"239":0,"241":0,"242":0,"243":0,"245":0,"246":0,"247":0,"248":0,"251":0,"254":0,"255":0,"256":0,"258":0,"259":0,"260":0,"261":0,"264":0,"265":0,"266":0,"267":0,"270":0,"272":0,"274":0,"275":0,"278":0,"280":0,"282":0,"284":0,"286":0,"289":0,"290":0,"292":0,"293":0,"294":0,"296":0,"297":0,"299":0,"300":0,"301":0,"302":0,"304":0,"305":0,"306":0,"309":0,"310":0,"311":0,"312":0,"313":0,"315":0,"316":0,"318":0,"319":0,"320":0,"323":0,"324":0,"325":0,"326":0,"327":0,"330":0,"333":0,"335":0,"341":1,"342":0,"343":0,"344":0,"345":0,"348":0,"349":0,"350":1,"351":0,"353":0,"354":0,"355":0,"356":0,"357":0,"359":0,"360":0,"362":0,"363":0,"365":0,"366":0,"367":0,"368":0,"369":0,"370":0,"371":0,"372":1,"373":0,"374":0,"375":0,"377":0,"378":0,"379":0,"381":0,"382":0,"384":0,"385":0,"386":0,"387":0,"389":0,"390":0,"391":0,"392":0,"394":0,"396":0,"397":0,"399":0,"400":0,"401":0,"403":0,"404":0,"405":0,"407":0,"408":0,"409":0,"411":0,"412":0,"413":0,"414":0,"416":0,"418":0,"419":0,"421":0,"422":0,"423":0,"425":0,"426":0,"428":0,"429":0,"431":0,"433":0,"435":0,"437":0,"439":0,"442":0,"444":0,"449":1,"450":0,"453":0,"454":0,"455":0,"456":0,"457":0,"459":0,"460":0,"462":0,"463":0,"465":0,"466":1,"467":0,"468":0,"470":0,"471":0,"472":0,"473":0,"474":0,"477":0,"478":0,"479":0,"480":0,"481":0,"484":0,"486":0,"492":1,"493":0,"494":0,"496":0,"499":0,"500":0,"501":1,"502":0,"504":0,"505":0,"506":1,"507":0,"508":0,"509":0,"511":0,"512":0,"513":0,"514":0,"515":0,"516":0,"518":0,"519":0,"520":0,"522":0,"524":0,"525":0,"526":0,"527":0,"528":0,"529":0,"530":0,"533":0,"534":0,"535":0,"536":0,"538":0,"539":0,"540":0,"541":0,"542":0,"545":0,"546":0,"547":0,"549":0,"550":0,"552":0,"553":0,"555":0,"556":0,"558":0,"560":0,"563":0,"564":0,"565":0,"566":0,"567":0,"568":0,"570":0,"571":0,"572":0,"573":0,"575":0,"576":0,"577":0,"578":0,"579":0,"582":1,"583":0,"584":0,"585":0,"587":0,"588":0,"589":0,"590":0,"592":0,"594":0,"595":0,"596":0,"597":0,"599":0,"600":0,"602":0,"603":0,"605":0,"606":0,"608":0,"609":0,"612":0,"613":0,"615":0,"616":0,"618":0,"619":0,"623":0,"624":0,"626":0,"627":0,"629":0,"630":0,"632":0,"636":1,"637":0,"639":0,"642":0,"643":0,"646":0,"647":0,"649":0,"650":0,"652":0,"653":0,"656":0,"657":0,"661":1,"662":0,"663":0,"665":0,"666":0,"669":0,"670":0,"672":0,"673":0,"675":0,"676":0,"677":0,"680":0,"681":0,"685":1,"686":0,"687":0,"689":0,"690":0,"691":0,"695":0,"696":0,"700":1,"701":0,"702":0,"704":0,"705":0,"706":0,"710":0,"711":0,"715":1,"716":0,"717":0,"719":0,"720":0,"721":0,"725":0,"726":0,"730":1,"731":0,"732":0,"734":0,"738":0,"739":0,"743":1,"744":0,"745":0,"746":0,"749":0,"750":0,"755":1,"756":0,"757":0,"758":0,"759":0,"760":0,"761":0,"763":0,"766":0,"768":0,"769":0,"770":0,"771":0,"772":0,"773":0,"775":0,"776":0,"778":0,"779":0,"781":0,"782":0,"784":0,"785":0,"786":0,"787":0,"789":0,"790":0,"792":0,"793":0,"795":0,"797":0,"798":0,"799":0,"802":0,"805":0,"806":0,"808":0,"809":0,"811":0,"812":0,"814":0,"815":0,"817":0,"819":0,"822":0,"825":1,"826":0,"827":0,"828":0,"829":0,"830":0,"831":0,"832":0,"833":0,"834":0,"835":0,"836":0,"837":0,"839":0,"840":0,"841":0,"845":0,"846":0,"849":0,"850":0,"851":0,"854":0,"855":0,"856":0,"857":0,"859":0,"860":0,"861":0,"864":0,"865":0,"866":0,"869":0,"870":0,"871":0,"872":0,"873":0,"876":0,"877":0,"878":0,"881":0,"882":0,"883":0,"884":0,"885":0,"888":0,"889":0,"890":0,"893":0,"894":0,"895":0,"896":0,"900":0,"902":1,"903":0,"904":0,"906":0,"907":0,"908":0,"910":0,"911":0,"912":0,"914":0,"917":1,"918":0,"919":0,"920":0,"921":0,"922":0,"923":0,"924":0,"927":0,"928":0,"929":0,"931":0,"932":0,"934":0,"937":1,"938":0,"939":0,"942":1,"943":0,"944":0,"945":0,"946":0,"947":0,"949":0,"950":0,"951":0,"953":0,"954":0,"955":0,"958":0,"960":0,"963":0,"964":0,"965":1,"966":0,"968":0,"969":0,"970":1,"971":0,"972":0,"973":0,"975":0,"976":0,"977":0,"978":0,"979":0,"980":0,"982":0,"983":0,"984":0,"986":0,"988":0,"989":0,"990":0,"992":0,"994":0,"995":0,"996":0,"998":0,"1000":0,"1003":0,"1004":0,"1005":0,"1006":0,"1007":0,"1009":0,"1010":0,"1012":0,"1013":0,"1015":0,"1016":1,"1017":0,"1018":0,"1019":0,"1021":0,"1023":0,"1029":1,"1030":0,"1031":0,"1032":0,"1035":0,"1039":0,"1042":1,"1043":0,"1045":1,"1046":0,"1048":1,"1049":0,"1050":0,"1052":0,"1062":0,"1074":0,"1075":0,"1080":0,"1081":1,"1083":0,"1084":0,"1094":0,"1096":0,"1101":0,"1103":0,"1104":0,"1105":0,"1106":0,"1107":0,"1108":0,"1109":0,"1110":0,"1111":0,"1112":0,"1113":0,"1114":0,"1115":0,"1116":0,"1117":0,"1118":0,"1119":0,"1120":0,"1121":0,"1123":0}}}